
===== supervisor start 2026-06-18 18:41:09 =====
18:41:21 [bot:even] INFO Bot even starting...
18:41:21 [bot:even] INFO No API token configured — waiting...
18:41:26 [bot:even] INFO No API token configured — waiting...
18:41:31 [bot:even] INFO No API token configured — waiting...
18:41:36 [bot:even] INFO No API token configured — waiting...
18:41:41 [bot:even] INFO No API token configured — waiting...
18:41:46 [bot:even] INFO No API token configured — waiting...
18:41:51 [bot:even] INFO No API token configured — waiting...
18:41:56 [bot:even] INFO No API token configured — waiting...
18:42:01 [bot:even] INFO No API token configured — waiting...
18:42:06 [bot:even] INFO No API token configured — waiting...
18:42:11 [bot:even] INFO No API token configured — waiting...
18:42:16 [bot:even] INFO No API token configured — waiting...
18:42:21 [bot:even] INFO No API token configured — waiting...
18:42:26 [bot:even] INFO No API token configured — waiting...
18:42:31 [bot:even] INFO No API token configured — waiting...
18:42:36 [bot:even] INFO No API token configured — waiting...
18:42:41 [bot:even] INFO No API token configured — waiting...
18:42:46 [bot:even] INFO No API token configured — waiting...
18:42:51 [bot:even] INFO No API token configured — waiting...
18:42:56 [bot:even] INFO No API token configured — waiting...
18:43:01 [bot:even] INFO No API token configured — waiting...
18:43:06 [bot:even] INFO No API token configured — waiting...
18:43:11 [bot:even] INFO No API token configured — waiting...
18:43:16 [bot:even] INFO No API token configured — waiting...
18:43:21 [bot:even] INFO No API token configured — waiting...
18:43:26 [bot:even] INFO No API token configured — waiting...
18:43:31 [bot:even] INFO No API token configured — waiting...
18:43:36 [bot:even] INFO No API token configured — waiting...
18:43:41 [bot:even] INFO No API token configured — waiting...
18:43:46 [bot:even] INFO No API token configured — waiting...
18:43:51 [bot:even] INFO Connecting to Deriv...
Traceback (most recent call last):
  File "C:\Users\maxxi\Videos\APPS\unified-trading-hub\bot_runner.py", line 655, in <module>
    asyncio.run(main())
    ~~~~~~~~~~~^^^^^^^^
  File "C:\Users\maxxi\AppData\Local\Python\pythoncore-3.14-64\Lib\asyncio\runners.py", line 204, in run
    return runner.run(main)
           ~~~~~~~~~~^^^^^^
  File "C:\Users\maxxi\AppData\Local\Python\pythoncore-3.14-64\Lib\asyncio\runners.py", line 127, in run
    return self._loop.run_until_complete(task)
           ~~~~~~~~~~~~~~~~~~~~~~~~~~~~~^^^^^^
  File "C:\Users\maxxi\AppData\Local\Python\pythoncore-3.14-64\Lib\asyncio\base_events.py", line 719, in run_until_complete
    return future.result()
           ~~~~~~~~~~~~~^^
  File "C:\Users\maxxi\Videos\APPS\unified-trading-hub\bot_runner.py", line 651, in main
    await runner.run()
  File "C:\Users\maxxi\Videos\APPS\unified-trading-hub\bot_runner.py", line 301, in run
    self.client = DerivClient(
                  ~~~~~~~~~~~^
        token=token,
        ^^^^^^^^^^^^
    ...<6 lines>...
        on_disconnected=self._on_disconnected,
        ^^^^^^^^^^^^^^^^^^^^^^^^^^^^^^^^^^^^^^
    )
    ^
  File "C:\Users\maxxi\Videos\APPS\unified-trading-hub\deriv_client.py", line 65, in __init__
    self.account_id = account_id  # required for OTP — fetch from accounts list if empty
    ^^^^^^^^^^^^^^^
AttributeError: property 'account_id' of 'DerivClient' object has no setter

===== supervisor start 2026-06-18 18:43:55 =====
18:43:56 [bot:even] INFO Bot even starting...
18:43:56 [bot:even] INFO Connecting to Deriv...
Traceback (most recent call last):
  File "C:\Users\maxxi\Videos\APPS\unified-trading-hub\bot_runner.py", line 655, in <module>
    asyncio.run(main())
    ~~~~~~~~~~~^^^^^^^^
  File "C:\Users\maxxi\AppData\Local\Python\pythoncore-3.14-64\Lib\asyncio\runners.py", line 204, in run
    return runner.run(main)
           ~~~~~~~~~~^^^^^^
  File "C:\Users\maxxi\AppData\Local\Python\pythoncore-3.14-64\Lib\asyncio\runners.py", line 127, in run
    return self._loop.run_until_complete(task)
           ~~~~~~~~~~~~~~~~~~~~~~~~~~~~~^^^^^^
  File "C:\Users\maxxi\AppData\Local\Python\pythoncore-3.14-64\Lib\asyncio\base_events.py", line 719, in run_until_complete
    return future.result()
           ~~~~~~~~~~~~~^^
  File "C:\Users\maxxi\Videos\APPS\unified-trading-hub\bot_runner.py", line 651, in main
    await runner.run()
  File "C:\Users\maxxi\Videos\APPS\unified-trading-hub\bot_runner.py", line 301, in run
    self.client = DerivClient(
                  ~~~~~~~~~~~^
        token=token,
        ^^^^^^^^^^^^
    ...<6 lines>...
        on_disconnected=self._on_disconnected,
        ^^^^^^^^^^^^^^^^^^^^^^^^^^^^^^^^^^^^^^
    )
    ^
  File "C:\Users\maxxi\Videos\APPS\unified-trading-hub\deriv_client.py", line 65, in __init__
    self.account_id = account_id  # required for OTP — fetch from accounts list if empty
    ^^^^^^^^^^^^^^^
AttributeError: property 'account_id' of 'DerivClient' object has no setter

===== supervisor start 2026-06-18 18:44:00 =====
18:44:01 [bot:even] INFO Bot even starting...
18:44:01 [bot:even] INFO Connecting to Deriv...
Traceback (most recent call last):
  File "C:\Users\maxxi\Videos\APPS\unified-trading-hub\bot_runner.py", line 655, in <module>
    asyncio.run(main())
    ~~~~~~~~~~~^^^^^^^^
  File "C:\Users\maxxi\AppData\Local\Python\pythoncore-3.14-64\Lib\asyncio\runners.py", line 204, in run
    return runner.run(main)
           ~~~~~~~~~~^^^^^^
  File "C:\Users\maxxi\AppData\Local\Python\pythoncore-3.14-64\Lib\asyncio\runners.py", line 127, in run
    return self._loop.run_until_complete(task)
           ~~~~~~~~~~~~~~~~~~~~~~~~~~~~~^^^^^^
  File "C:\Users\maxxi\AppData\Local\Python\pythoncore-3.14-64\Lib\asyncio\base_events.py", line 719, in run_until_complete
    return future.result()
           ~~~~~~~~~~~~~^^
  File "C:\Users\maxxi\Videos\APPS\unified-trading-hub\bot_runner.py", line 651, in main
    await runner.run()
  File "C:\Users\maxxi\Videos\APPS\unified-trading-hub\bot_runner.py", line 301, in run
    self.client = DerivClient(
                  ~~~~~~~~~~~^
        token=token,
        ^^^^^^^^^^^^
    ...<6 lines>...
        on_disconnected=self._on_disconnected,
        ^^^^^^^^^^^^^^^^^^^^^^^^^^^^^^^^^^^^^^
    )
    ^
  File "C:\Users\maxxi\Videos\APPS\unified-trading-hub\deriv_client.py", line 65, in __init__
    self.account_id = account_id  # required for OTP — fetch from accounts list if empty
    ^^^^^^^^^^^^^^^
AttributeError: property 'account_id' of 'DerivClient' object has no setter

===== supervisor start 2026-06-18 18:44:08 =====
18:44:09 [bot:even] INFO Bot even starting...
18:44:09 [bot:even] INFO No API token configured — waiting...
18:44:14 [bot:even] INFO Connecting to Deriv...
Traceback (most recent call last):
  File "C:\Users\maxxi\Videos\APPS\unified-trading-hub\bot_runner.py", line 655, in <module>
    asyncio.run(main())
    ~~~~~~~~~~~^^^^^^^^
  File "C:\Users\maxxi\AppData\Local\Python\pythoncore-3.14-64\Lib\asyncio\runners.py", line 204, in run
    return runner.run(main)
           ~~~~~~~~~~^^^^^^
  File "C:\Users\maxxi\AppData\Local\Python\pythoncore-3.14-64\Lib\asyncio\runners.py", line 127, in run
    return self._loop.run_until_complete(task)
           ~~~~~~~~~~~~~~~~~~~~~~~~~~~~~^^^^^^
  File "C:\Users\maxxi\AppData\Local\Python\pythoncore-3.14-64\Lib\asyncio\base_events.py", line 719, in run_until_complete
    return future.result()
           ~~~~~~~~~~~~~^^
  File "C:\Users\maxxi\Videos\APPS\unified-trading-hub\bot_runner.py", line 651, in main
    await runner.run()
  File "C:\Users\maxxi\Videos\APPS\unified-trading-hub\bot_runner.py", line 301, in run
    self.client = DerivClient(
                  ~~~~~~~~~~~^
        token=token,
        ^^^^^^^^^^^^
    ...<6 lines>...
        on_disconnected=self._on_disconnected,
        ^^^^^^^^^^^^^^^^^^^^^^^^^^^^^^^^^^^^^^
    )
    ^
  File "C:\Users\maxxi\Videos\APPS\unified-trading-hub\deriv_client.py", line 65, in __init__
    self.account_id = account_id  # required for OTP — fetch from accounts list if empty
    ^^^^^^^^^^^^^^^
AttributeError: property 'account_id' of 'DerivClient' object has no setter

===== supervisor start 2026-06-18 18:44:24 =====
18:44:25 [bot:even] INFO Bot even starting...
18:44:25 [bot:even] INFO Connecting to Deriv...
Traceback (most recent call last):
  File "C:\Users\maxxi\Videos\APPS\unified-trading-hub\bot_runner.py", line 655, in <module>
    asyncio.run(main())
    ~~~~~~~~~~~^^^^^^^^
  File "C:\Users\maxxi\AppData\Local\Python\pythoncore-3.14-64\Lib\asyncio\runners.py", line 204, in run
    return runner.run(main)
           ~~~~~~~~~~^^^^^^
  File "C:\Users\maxxi\AppData\Local\Python\pythoncore-3.14-64\Lib\asyncio\runners.py", line 127, in run
    return self._loop.run_until_complete(task)
           ~~~~~~~~~~~~~~~~~~~~~~~~~~~~~^^^^^^
  File "C:\Users\maxxi\AppData\Local\Python\pythoncore-3.14-64\Lib\asyncio\base_events.py", line 719, in run_until_complete
    return future.result()
           ~~~~~~~~~~~~~^^
  File "C:\Users\maxxi\Videos\APPS\unified-trading-hub\bot_runner.py", line 651, in main
    await runner.run()
  File "C:\Users\maxxi\Videos\APPS\unified-trading-hub\bot_runner.py", line 301, in run
    self.client = DerivClient(
                  ~~~~~~~~~~~^
        token=token,
        ^^^^^^^^^^^^
    ...<6 lines>...
        on_disconnected=self._on_disconnected,
        ^^^^^^^^^^^^^^^^^^^^^^^^^^^^^^^^^^^^^^
    )
    ^
  File "C:\Users\maxxi\Videos\APPS\unified-trading-hub\deriv_client.py", line 65, in __init__
    self.account_id = account_id  # required for OTP — fetch from accounts list if empty
    ^^^^^^^^^^^^^^^
AttributeError: property 'account_id' of 'DerivClient' object has no setter

===== supervisor start 2026-06-18 18:44:40 =====
18:44:41 [bot:even] INFO Bot even starting...
18:44:41 [bot:even] INFO Connecting to Deriv...
Traceback (most recent call last):
  File "C:\Users\maxxi\Videos\APPS\unified-trading-hub\bot_runner.py", line 655, in <module>
    asyncio.run(main())
    ~~~~~~~~~~~^^^^^^^^
  File "C:\Users\maxxi\AppData\Local\Python\pythoncore-3.14-64\Lib\asyncio\runners.py", line 204, in run
    return runner.run(main)
           ~~~~~~~~~~^^^^^^
  File "C:\Users\maxxi\AppData\Local\Python\pythoncore-3.14-64\Lib\asyncio\runners.py", line 127, in run
    return self._loop.run_until_complete(task)
           ~~~~~~~~~~~~~~~~~~~~~~~~~~~~~^^^^^^
  File "C:\Users\maxxi\AppData\Local\Python\pythoncore-3.14-64\Lib\asyncio\base_events.py", line 719, in run_until_complete
    return future.result()
           ~~~~~~~~~~~~~^^
  File "C:\Users\maxxi\Videos\APPS\unified-trading-hub\bot_runner.py", line 651, in main
    await runner.run()
  File "C:\Users\maxxi\Videos\APPS\unified-trading-hub\bot_runner.py", line 301, in run
    self.client = DerivClient(
                  ~~~~~~~~~~~^
        token=token,
        ^^^^^^^^^^^^
    ...<6 lines>...
        on_disconnected=self._on_disconnected,
        ^^^^^^^^^^^^^^^^^^^^^^^^^^^^^^^^^^^^^^
    )
    ^
  File "C:\Users\maxxi\Videos\APPS\unified-trading-hub\deriv_client.py", line 65, in __init__
    self.account_id = account_id  # required for OTP — fetch from accounts list if empty
    ^^^^^^^^^^^^^^^
AttributeError: property 'account_id' of 'DerivClient' object has no setter

===== supervisor start 2026-06-18 18:45:04 =====
18:45:04 [bot:even] INFO Bot even starting...
18:45:04 [bot:even] INFO Connecting to Deriv...
Traceback (most recent call last):
  File "C:\Users\maxxi\Videos\APPS\unified-trading-hub\bot_runner.py", line 655, in <module>
    asyncio.run(main())
    ~~~~~~~~~~~^^^^^^^^
  File "C:\Users\maxxi\AppData\Local\Python\pythoncore-3.14-64\Lib\asyncio\runners.py", line 204, in run
    return runner.run(main)
           ~~~~~~~~~~^^^^^^
  File "C:\Users\maxxi\AppData\Local\Python\pythoncore-3.14-64\Lib\asyncio\runners.py", line 127, in run
    return self._loop.run_until_complete(task)
           ~~~~~~~~~~~~~~~~~~~~~~~~~~~~~^^^^^^
  File "C:\Users\maxxi\AppData\Local\Python\pythoncore-3.14-64\Lib\asyncio\base_events.py", line 719, in run_until_complete
    return future.result()
           ~~~~~~~~~~~~~^^
  File "C:\Users\maxxi\Videos\APPS\unified-trading-hub\bot_runner.py", line 651, in main
    await runner.run()
  File "C:\Users\maxxi\Videos\APPS\unified-trading-hub\bot_runner.py", line 301, in run
    self.client = DerivClient(
                  ~~~~~~~~~~~^
        token=token,
        ^^^^^^^^^^^^
    ...<6 lines>...
        on_disconnected=self._on_disconnected,
        ^^^^^^^^^^^^^^^^^^^^^^^^^^^^^^^^^^^^^^
    )
    ^
  File "C:\Users\maxxi\Videos\APPS\unified-trading-hub\deriv_client.py", line 65, in __init__
    self.account_id = account_id  # required for OTP — fetch from accounts list if empty
    ^^^^^^^^^^^^^^^
AttributeError: property 'account_id' of 'DerivClient' object has no setter

===== supervisor start 2026-06-18 18:45:39 =====
18:45:39 [bot:even] INFO Bot even starting...
18:45:39 [bot:even] INFO Connecting to Deriv...
Traceback (most recent call last):
  File "C:\Users\maxxi\Videos\APPS\unified-trading-hub\bot_runner.py", line 655, in <module>
    asyncio.run(main())
    ~~~~~~~~~~~^^^^^^^^
  File "C:\Users\maxxi\AppData\Local\Python\pythoncore-3.14-64\Lib\asyncio\runners.py", line 204, in run
    return runner.run(main)
           ~~~~~~~~~~^^^^^^
  File "C:\Users\maxxi\AppData\Local\Python\pythoncore-3.14-64\Lib\asyncio\runners.py", line 127, in run
    return self._loop.run_until_complete(task)
           ~~~~~~~~~~~~~~~~~~~~~~~~~~~~~^^^^^^
  File "C:\Users\maxxi\AppData\Local\Python\pythoncore-3.14-64\Lib\asyncio\base_events.py", line 719, in run_until_complete
    return future.result()
           ~~~~~~~~~~~~~^^
  File "C:\Users\maxxi\Videos\APPS\unified-trading-hub\bot_runner.py", line 651, in main
    await runner.run()
  File "C:\Users\maxxi\Videos\APPS\unified-trading-hub\bot_runner.py", line 301, in run
    self.client = DerivClient(
                  ~~~~~~~~~~~^
        token=token,
        ^^^^^^^^^^^^
    ...<6 lines>...
        on_disconnected=self._on_disconnected,
        ^^^^^^^^^^^^^^^^^^^^^^^^^^^^^^^^^^^^^^
    )
    ^
  File "C:\Users\maxxi\Videos\APPS\unified-trading-hub\deriv_client.py", line 65, in __init__
    self.account_id = account_id  # required for OTP — fetch from accounts list if empty
    ^^^^^^^^^^^^^^^
AttributeError: property 'account_id' of 'DerivClient' object has no setter

===== supervisor start 2026-06-18 18:46:31 =====
18:46:31 [bot:even] INFO Bot even starting...
18:46:31 [bot:even] INFO Connecting to Deriv...
Traceback (most recent call last):
  File "C:\Users\maxxi\Videos\APPS\unified-trading-hub\bot_runner.py", line 655, in <module>
    asyncio.run(main())
    ~~~~~~~~~~~^^^^^^^^
  File "C:\Users\maxxi\AppData\Local\Python\pythoncore-3.14-64\Lib\asyncio\runners.py", line 204, in run
    return runner.run(main)
           ~~~~~~~~~~^^^^^^
  File "C:\Users\maxxi\AppData\Local\Python\pythoncore-3.14-64\Lib\asyncio\runners.py", line 127, in run
    return self._loop.run_until_complete(task)
           ~~~~~~~~~~~~~~~~~~~~~~~~~~~~~^^^^^^
  File "C:\Users\maxxi\AppData\Local\Python\pythoncore-3.14-64\Lib\asyncio\base_events.py", line 719, in run_until_complete
    return future.result()
           ~~~~~~~~~~~~~^^
  File "C:\Users\maxxi\Videos\APPS\unified-trading-hub\bot_runner.py", line 651, in main
    await runner.run()
  File "C:\Users\maxxi\Videos\APPS\unified-trading-hub\bot_runner.py", line 301, in run
    self.client = DerivClient(
                  ~~~~~~~~~~~^
        token=token,
        ^^^^^^^^^^^^
    ...<6 lines>...
        on_disconnected=self._on_disconnected,
        ^^^^^^^^^^^^^^^^^^^^^^^^^^^^^^^^^^^^^^
    )
    ^
  File "C:\Users\maxxi\Videos\APPS\unified-trading-hub\deriv_client.py", line 65, in __init__
    self.account_id = account_id  # required for OTP — fetch from accounts list if empty
    ^^^^^^^^^^^^^^^
AttributeError: property 'account_id' of 'DerivClient' object has no setter

===== supervisor start 2026-06-18 18:47:31 =====
18:47:32 [bot:even] INFO Bot even starting...
18:47:32 [bot:even] INFO Connecting to Deriv...
18:47:33 [deriv_client] ERROR WS/auth error: Accounts fetch failed: 429
18:47:33 [deriv_client] INFO Reconnecting in 3s...
18:47:36 [deriv_client] ERROR WS/auth error: Accounts fetch failed: 429
18:47:36 [deriv_client] INFO Reconnecting in 4.5s...
18:47:42 [deriv_client] ERROR WS/auth error: Accounts fetch failed: 429
18:47:42 [deriv_client] INFO Reconnecting in 6.75s...
18:47:49 [deriv_client] ERROR WS/auth error: Accounts fetch failed: 429
18:47:49 [deriv_client] INFO Reconnecting in 10.125s...
18:47:59 [deriv_client] ERROR WS/auth error: Accounts fetch failed: 429
18:47:59 [deriv_client] INFO Reconnecting in 15.1875s...
18:48:02 [bot:even] ERROR Connection timed out — retrying in 5s
18:48:07 [bot:even] INFO No API token configured — waiting...
18:48:07 [root] WARNING write_status failed: Extra data: line 27 column 1 (char 791)
18:48:12 [bot:even] INFO No API token configured — waiting...
18:48:12 [root] WARNING write_status failed: Extra data: line 27 column 1 (char 791)
18:48:15 [deriv_client] ERROR WS/auth error: Accounts fetch failed: 429
18:48:15 [deriv_client] INFO Reconnecting in 22.78125s...
18:48:17 [bot:even] INFO No API token configured — waiting...
18:48:17 [root] WARNING write_status failed: Extra data: line 27 column 1 (char 791)
18:48:22 [bot:even] INFO No API token configured — waiting...
18:48:22 [root] WARNING write_status failed: Extra data: line 27 column 1 (char 791)
18:48:27 [bot:even] INFO No API token configured — waiting...
18:48:27 [root] WARNING write_status failed: Extra data: line 27 column 1 (char 791)
18:48:32 [bot:even] INFO No API token configured — waiting...
18:48:32 [root] WARNING write_status failed: Extra data: line 27 column 1 (char 791)
18:48:37 [bot:even] INFO No API token configured — waiting...
18:48:37 [root] WARNING write_status failed: Extra data: line 27 column 1 (char 791)
18:48:38 [deriv_client] ERROR WS/auth error: Accounts fetch failed: 429
18:48:38 [deriv_client] INFO Reconnecting in 30s...
18:48:42 [bot:even] INFO No API token configured — waiting...
18:48:42 [root] WARNING write_status failed: Extra data: line 27 column 1 (char 791)
18:48:47 [bot:even] INFO No API token configured — waiting...
18:48:47 [root] WARNING write_status failed: Extra data: line 27 column 1 (char 791)
18:48:52 [bot:even] INFO No API token configured — waiting...
18:48:52 [root] WARNING write_status failed: Extra data: line 27 column 1 (char 791)
18:48:57 [bot:even] INFO No API token configured — waiting...
18:48:57 [root] WARNING write_status failed: Extra data: line 27 column 1 (char 791)
18:49:02 [bot:even] INFO No API token configured — waiting...
18:49:02 [root] WARNING write_status failed: Extra data: line 27 column 1 (char 791)
18:49:07 [bot:even] INFO No API token configured — waiting...
18:49:07 [root] WARNING write_status failed: Extra data: line 27 column 1 (char 791)
18:49:08 [deriv_client] ERROR WS/auth error: Accounts fetch failed: 429
18:49:08 [deriv_client] INFO Reconnecting in 30s...
18:49:12 [bot:even] INFO No API token configured — waiting...
18:49:12 [root] WARNING write_status failed: Extra data: line 27 column 1 (char 791)
18:49:17 [bot:even] INFO No API token configured — waiting...
18:49:17 [root] WARNING write_status failed: Extra data: line 27 column 1 (char 791)
18:49:22 [bot:even] INFO No API token configured — waiting...
18:49:22 [root] WARNING write_status failed: Extra data: line 27 column 1 (char 791)
18:49:27 [bot:even] INFO No API token configured — waiting...
18:49:27 [root] WARNING write_status failed: Extra data: line 27 column 1 (char 791)
18:49:32 [bot:even] INFO No API token configured — waiting...
18:49:32 [root] WARNING write_status failed: Extra data: line 27 column 1 (char 791)
18:49:37 [bot:even] INFO No API token configured — waiting...
18:49:37 [root] WARNING write_status failed: Extra data: line 27 column 1 (char 791)
18:49:38 [deriv_client] ERROR WS/auth error: Accounts fetch failed: 429
18:49:38 [deriv_client] INFO Reconnecting in 30s...
18:49:42 [bot:even] INFO No API token configured — waiting...
18:49:42 [root] WARNING write_status failed: Extra data: line 27 column 1 (char 791)
18:49:47 [bot:even] INFO No API token configured — waiting...
18:49:47 [root] WARNING write_status failed: Extra data: line 27 column 1 (char 791)
18:49:52 [bot:even] INFO No API token configured — waiting...
18:49:52 [root] WARNING write_status failed: Extra data: line 27 column 1 (char 791)
18:49:57 [bot:even] INFO No API token configured — waiting...
18:49:57 [root] WARNING write_status failed: Extra data: line 27 column 1 (char 791)
18:50:02 [bot:even] INFO No API token configured — waiting...
18:50:02 [root] WARNING write_status failed: Extra data: line 27 column 1 (char 791)
18:50:07 [bot:even] INFO No API token configured — waiting...
18:50:07 [root] WARNING write_status failed: Extra data: line 27 column 1 (char 791)
18:50:08 [deriv_client] ERROR WS/auth error: Accounts fetch failed: 429
18:50:08 [deriv_client] INFO Reconnecting in 30s...
18:50:12 [bot:even] INFO No API token configured — waiting...
18:50:12 [root] WARNING write_status failed: Extra data: line 27 column 1 (char 791)
18:50:17 [bot:even] INFO No API token configured — waiting...
18:50:17 [root] WARNING write_status failed: Extra data: line 27 column 1 (char 791)
18:50:22 [bot:even] INFO No API token configured — waiting...
18:50:22 [root] WARNING write_status failed: Extra data: line 27 column 1 (char 791)
18:50:27 [bot:even] INFO No API token configured — waiting...
18:50:27 [root] WARNING write_status failed: Extra data: line 27 column 1 (char 791)
18:50:32 [bot:even] INFO No API token configured — waiting...
18:50:32 [root] WARNING write_status failed: Extra data: line 27 column 1 (char 791)
18:50:37 [bot:even] INFO No API token configured — waiting...
18:50:37 [root] WARNING write_status failed: Extra data: line 27 column 1 (char 791)
18:50:39 [deriv_client] ERROR WS/auth error: Accounts fetch failed: 429
18:50:39 [deriv_client] INFO Reconnecting in 30s...
18:50:42 [bot:even] INFO No API token configured — waiting...
18:50:42 [root] WARNING write_status failed: Extra data: line 27 column 1 (char 791)
18:50:47 [bot:even] INFO No API token configured — waiting...
18:50:47 [root] WARNING write_status failed: Extra data: line 27 column 1 (char 791)
18:50:52 [bot:even] INFO No API token configured — waiting...
18:50:52 [root] WARNING write_status failed: Extra data: line 27 column 1 (char 791)
18:50:57 [bot:even] INFO No API token configured — waiting...
18:50:57 [root] WARNING write_status failed: Extra data: line 27 column 1 (char 791)
18:51:02 [bot:even] INFO No API token configured — waiting...
18:51:02 [root] WARNING write_status failed: Extra data: line 27 column 1 (char 791)
18:51:07 [bot:even] INFO No API token configured — waiting...
18:51:07 [root] WARNING write_status failed: Extra data: line 27 column 1 (char 791)
18:51:09 [deriv_client] ERROR WS/auth error: Accounts fetch failed: 429
18:51:09 [deriv_client] INFO Reconnecting in 30s...
18:51:12 [bot:even] INFO No API token configured — waiting...
18:51:12 [root] WARNING write_status failed: Extra data: line 27 column 1 (char 791)
18:51:17 [bot:even] INFO No API token configured — waiting...
18:51:17 [root] WARNING write_status failed: Extra data: line 27 column 1 (char 791)
18:51:22 [bot:even] INFO No API token configured — waiting...
18:51:22 [root] WARNING write_status failed: Extra data: line 27 column 1 (char 791)
18:51:28 [bot:even] INFO Connecting to Deriv...
18:51:28 [deriv_client] ERROR WS/auth error: Accounts fetch failed: 429
18:51:28 [deriv_client] INFO Reconnecting in 3s...
18:51:31 [deriv_client] ERROR WS/auth error: Accounts fetch failed: 429
18:51:31 [deriv_client] INFO Reconnecting in 4.5s...
18:51:36 [deriv_client] ERROR WS/auth error: Accounts fetch failed: 429
18:51:36 [deriv_client] INFO Reconnecting in 6.75s...
18:51:44 [deriv_client] ERROR WS/auth error: Accounts fetch failed: 429
18:51:44 [deriv_client] INFO Reconnecting in 10.125s...
18:51:54 [deriv_client] ERROR WS/auth error: Accounts fetch failed: 429
18:51:54 [deriv_client] INFO Reconnecting in 15.1875s...
18:51:58 [bot:even] ERROR Connection timed out — retrying in 5s
18:52:03 [bot:even] INFO Connecting to Deriv...
18:52:03 [deriv_client] ERROR WS/auth error: Accounts fetch failed: 429
18:52:03 [deriv_client] INFO Reconnecting in 3s...
18:52:08 [deriv_client] ERROR WS/auth error: Accounts fetch failed: 429
18:52:08 [deriv_client] INFO Reconnecting in 4.5s...
18:52:13 [deriv_client] ERROR WS/auth error: Accounts fetch failed: 429
18:52:13 [deriv_client] INFO Reconnecting in 6.75s...
18:52:20 [deriv_client] ERROR WS/auth error: Accounts fetch failed: 429
18:52:20 [deriv_client] INFO Reconnecting in 10.125s...
18:52:31 [deriv_client] ERROR WS/auth error: Accounts fetch failed: 429
18:52:31 [deriv_client] INFO Reconnecting in 15.1875s...
18:52:33 [bot:even] ERROR Connection timed out — retrying in 5s
18:52:38 [bot:even] INFO Connecting to Deriv...
18:52:38 [deriv_client] ERROR WS/auth error: Accounts fetch failed: 429
18:52:38 [deriv_client] INFO Reconnecting in 3s...
18:52:42 [deriv_client] ERROR WS/auth error: Accounts fetch failed: 429
18:52:42 [deriv_client] INFO Reconnecting in 4.5s...
18:52:46 [deriv_client] ERROR WS/auth error: Accounts fetch failed: 429
18:52:46 [deriv_client] INFO Reconnecting in 6.75s...
18:52:53 [deriv_client] ERROR WS/auth error: Accounts fetch failed: 429
18:52:53 [deriv_client] INFO Reconnecting in 10.125s...
18:53:04 [deriv_client] ERROR WS/auth error: Accounts fetch failed: 429
18:53:04 [deriv_client] INFO Reconnecting in 15.1875s...
18:53:08 [bot:even] ERROR Connection timed out — retrying in 5s
18:53:13 [bot:even] INFO Connecting to Deriv...
18:53:13 [deriv_client] ERROR WS/auth error: Accounts fetch failed: 429
18:53:13 [deriv_client] INFO Reconnecting in 3s...
18:53:16 [deriv_client] ERROR WS/auth error: Accounts fetch failed: 429
18:53:16 [deriv_client] INFO Reconnecting in 4.5s...
18:53:21 [deriv_client] ERROR WS/auth error: Accounts fetch failed: 429
18:53:21 [deriv_client] INFO Reconnecting in 6.75s...
18:53:29 [deriv_client] ERROR WS/auth error: Accounts fetch failed: 429
18:53:29 [deriv_client] INFO Reconnecting in 10.125s...
18:53:40 [deriv_client] ERROR WS/auth error: Accounts fetch failed: 429
18:53:40 [deriv_client] INFO Reconnecting in 15.1875s...
18:53:43 [bot:even] ERROR Connection timed out — retrying in 5s
18:53:48 [bot:even] INFO Connecting to Deriv...
18:53:48 [deriv_client] ERROR WS/auth error: Accounts fetch failed: 429
18:53:48 [deriv_client] INFO Reconnecting in 3s...
18:53:52 [deriv_client] ERROR WS/auth error: Accounts fetch failed: 429
18:53:52 [deriv_client] INFO Reconnecting in 4.5s...
18:53:57 [deriv_client] ERROR WS/auth error: Accounts fetch failed: 429
18:53:57 [deriv_client] INFO Reconnecting in 6.75s...
18:54:05 [deriv_client] ERROR WS/auth error: Accounts fetch failed: 429
18:54:05 [deriv_client] INFO Reconnecting in 10.125s...

===== supervisor start 2026-06-18 18:56:31 =====
18:56:32 [bot:even] INFO Bot even starting...
18:56:32 [bot:even] INFO Connecting to Deriv...
18:56:32 [deriv_client] WARNING Rate limited! Retrying after 56s...
18:57:02 [bot:even] ERROR Connection timed out — retrying in 5s
18:57:07 [bot:even] INFO Connecting to Deriv...
18:57:07 [deriv_client] WARNING Rate limited! Retrying after 21s...
18:57:30 [deriv_client] WARNING Rate limited! Retrying after 599s...
18:57:37 [bot:even] ERROR Connection timed out — retrying in 5s
18:57:42 [bot:even] INFO Connecting to Deriv...
18:57:43 [deriv_client] WARNING Rate limited! Retrying after 586s...
18:58:12 [bot:even] ERROR Connection timed out — retrying in 5s
18:58:17 [bot:even] INFO Connecting to Deriv...
18:58:17 [deriv_client] WARNING Rate limited! Retrying after 552s...
18:58:47 [bot:even] ERROR Connection timed out — retrying in 5s
18:58:52 [bot:even] INFO Connecting to Deriv...
18:58:52 [deriv_client] WARNING Rate limited! Retrying after 517s...
18:59:22 [bot:even] ERROR Connection timed out — retrying in 5s
18:59:27 [bot:even] INFO Connecting to Deriv...
18:59:27 [deriv_client] WARNING Rate limited! Retrying after 482s...
18:59:57 [bot:even] ERROR Connection timed out — retrying in 5s
19:00:02 [bot:even] INFO Connecting to Deriv...
19:00:04 [deriv_client] WARNING Rate limited! Retrying after 445s...
19:00:32 [bot:even] ERROR Connection timed out — retrying in 5s
19:00:37 [bot:even] INFO Connecting to Deriv...
19:00:38 [deriv_client] WARNING Rate limited! Retrying after 411s...
19:01:07 [bot:even] ERROR Connection timed out — retrying in 5s
19:01:12 [bot:even] INFO Connecting to Deriv...
19:01:12 [deriv_client] WARNING Rate limited! Retrying after 377s...
19:01:42 [bot:even] ERROR Connection timed out — retrying in 5s
19:01:47 [bot:even] INFO Connecting to Deriv...
19:01:47 [deriv_client] WARNING Rate limited! Retrying after 342s...
19:02:17 [bot:even] ERROR Connection timed out — retrying in 5s
19:02:22 [bot:even] INFO Connecting to Deriv...
19:02:23 [deriv_client] WARNING Rate limited! Retrying after 306s...
19:02:52 [bot:even] ERROR Connection timed out — retrying in 5s
19:02:57 [bot:even] INFO Connecting to Deriv...
19:02:57 [deriv_client] WARNING Rate limited! Retrying after 272s...
19:03:27 [bot:even] ERROR Connection timed out — retrying in 5s
19:03:32 [bot:even] INFO Connecting to Deriv...
19:03:32 [deriv_client] WARNING Rate limited! Retrying after 237s...
19:04:02 [bot:even] ERROR Connection timed out — retrying in 5s
19:04:07 [bot:even] INFO Connecting to Deriv...
19:04:07 [deriv_client] WARNING Rate limited! Retrying after 202s...
19:04:37 [bot:even] ERROR Connection timed out — retrying in 5s
19:04:42 [bot:even] INFO Connecting to Deriv...
19:04:42 [deriv_client] WARNING Rate limited! Retrying after 167s...
19:05:12 [bot:even] ERROR Connection timed out — retrying in 5s
19:05:17 [bot:even] INFO Connecting to Deriv...
19:05:17 [deriv_client] WARNING Rate limited! Retrying after 132s...
19:05:47 [bot:even] ERROR Connection timed out — retrying in 5s
19:05:52 [bot:even] INFO Connecting to Deriv...
19:05:52 [deriv_client] WARNING Rate limited! Retrying after 97s...
19:06:22 [bot:even] ERROR Connection timed out — retrying in 5s
19:06:27 [bot:even] INFO Connecting to Deriv...
19:06:27 [deriv_client] WARNING Rate limited! Retrying after 62s...
19:06:57 [bot:even] ERROR Connection timed out — retrying in 5s
19:07:02 [bot:even] INFO Connecting to Deriv...
19:07:02 [deriv_client] WARNING Rate limited! Retrying after 27s...
19:07:29 [deriv_client] WARNING Rate limited! Retrying after 0s...
19:07:30 [deriv_client] WARNING Rate limited! Retrying after 600s...
19:07:32 [bot:even] ERROR Connection timed out — retrying in 5s
19:07:37 [bot:even] INFO Connecting to Deriv...
19:07:37 [deriv_client] WARNING Rate limited! Retrying after 593s...
19:08:07 [bot:even] ERROR Connection timed out — retrying in 5s
19:08:12 [bot:even] INFO Connecting to Deriv...
19:08:12 [deriv_client] WARNING Rate limited! Retrying after 558s...
19:08:42 [bot:even] ERROR Connection timed out — retrying in 5s
19:08:47 [bot:even] INFO Connecting to Deriv...
19:08:47 [deriv_client] WARNING Rate limited! Retrying after 523s...
19:09:17 [bot:even] ERROR Connection timed out — retrying in 5s
19:09:22 [bot:even] INFO Connecting to Deriv...
19:09:22 [deriv_client] WARNING Rate limited! Retrying after 488s...
