
===== supervisor start 2026-06-18 18:41:09 =====
18:41:21 [bot:nexus] INFO Bot nexus starting...
18:41:21 [bot:nexus] INFO No API token configured — waiting...
18:41:26 [bot:nexus] INFO No API token configured — waiting...
18:41:31 [bot:nexus] INFO No API token configured — waiting...
18:41:36 [bot:nexus] INFO No API token configured — waiting...
18:41:41 [bot:nexus] INFO No API token configured — waiting...
18:41:46 [bot:nexus] INFO No API token configured — waiting...
18:41:51 [bot:nexus] INFO No API token configured — waiting...
18:41:56 [bot:nexus] INFO No API token configured — waiting...
18:42:01 [bot:nexus] INFO No API token configured — waiting...
18:42:06 [bot:nexus] INFO No API token configured — waiting...
18:42:11 [bot:nexus] INFO No API token configured — waiting...
18:42:16 [bot:nexus] INFO No API token configured — waiting...
18:42:21 [bot:nexus] INFO No API token configured — waiting...
18:42:26 [bot:nexus] INFO No API token configured — waiting...
18:42:31 [bot:nexus] INFO No API token configured — waiting...
18:42:36 [bot:nexus] INFO No API token configured — waiting...
18:42:41 [bot:nexus] INFO No API token configured — waiting...
18:42:46 [bot:nexus] INFO No API token configured — waiting...
18:42:51 [bot:nexus] INFO No API token configured — waiting...
18:42:56 [bot:nexus] INFO No API token configured — waiting...
18:43:01 [bot:nexus] INFO No API token configured — waiting...
18:43:06 [bot:nexus] INFO No API token configured — waiting...
18:43:11 [bot:nexus] INFO No API token configured — waiting...
18:43:16 [bot:nexus] INFO No API token configured — waiting...
18:43:21 [bot:nexus] INFO No API token configured — waiting...
18:43:26 [bot:nexus] INFO No API token configured — waiting...
18:43:31 [bot:nexus] INFO No API token configured — waiting...
18:43:36 [bot:nexus] INFO No API token configured — waiting...
18:43:41 [bot:nexus] INFO No API token configured — waiting...
18:43:46 [bot:nexus] INFO No API token configured — waiting...
18:43:51 [bot:nexus] INFO Connecting to Deriv...
Traceback (most recent call last):
  File "C:\Users\maxxi\Videos\APPS\unified-trading-hub\bot_runner.py", line 655, in <module>
    asyncio.run(main())
    ~~~~~~~~~~~^^^^^^^^
  File "C:\Users\maxxi\AppData\Local\Python\pythoncore-3.14-64\Lib\asyncio\runners.py", line 204, in run
    return runner.run(main)
           ~~~~~~~~~~^^^^^^
  File "C:\Users\maxxi\AppData\Local\Python\pythoncore-3.14-64\Lib\asyncio\runners.py", line 127, in run
    return self._loop.run_until_complete(task)
           ~~~~~~~~~~~~~~~~~~~~~~~~~~~~~^^^^^^
  File "C:\Users\maxxi\AppData\Local\Python\pythoncore-3.14-64\Lib\asyncio\base_events.py", line 719, in run_until_complete
    return future.result()
           ~~~~~~~~~~~~~^^
  File "C:\Users\maxxi\Videos\APPS\unified-trading-hub\bot_runner.py", line 651, in main
    await runner.run()
  File "C:\Users\maxxi\Videos\APPS\unified-trading-hub\bot_runner.py", line 301, in run
    self.client = DerivClient(
                  ~~~~~~~~~~~^
        token=token,
        ^^^^^^^^^^^^
    ...<6 lines>...
        on_disconnected=self._on_disconnected,
        ^^^^^^^^^^^^^^^^^^^^^^^^^^^^^^^^^^^^^^
    )
    ^
  File "C:\Users\maxxi\Videos\APPS\unified-trading-hub\deriv_client.py", line 65, in __init__
    self.account_id = account_id  # required for OTP — fetch from accounts list if empty
    ^^^^^^^^^^^^^^^
AttributeError: property 'account_id' of 'DerivClient' object has no setter

===== supervisor start 2026-06-18 18:43:55 =====
18:43:56 [bot:nexus] INFO Bot nexus starting...
18:43:56 [bot:nexus] INFO Connecting to Deriv...
Traceback (most recent call last):
  File "C:\Users\maxxi\Videos\APPS\unified-trading-hub\bot_runner.py", line 655, in <module>
    asyncio.run(main())
    ~~~~~~~~~~~^^^^^^^^
  File "C:\Users\maxxi\AppData\Local\Python\pythoncore-3.14-64\Lib\asyncio\runners.py", line 204, in run
    return runner.run(main)
           ~~~~~~~~~~^^^^^^
  File "C:\Users\maxxi\AppData\Local\Python\pythoncore-3.14-64\Lib\asyncio\runners.py", line 127, in run
    return self._loop.run_until_complete(task)
           ~~~~~~~~~~~~~~~~~~~~~~~~~~~~~^^^^^^
  File "C:\Users\maxxi\AppData\Local\Python\pythoncore-3.14-64\Lib\asyncio\base_events.py", line 719, in run_until_complete
    return future.result()
           ~~~~~~~~~~~~~^^
  File "C:\Users\maxxi\Videos\APPS\unified-trading-hub\bot_runner.py", line 651, in main
    await runner.run()
  File "C:\Users\maxxi\Videos\APPS\unified-trading-hub\bot_runner.py", line 301, in run
    self.client = DerivClient(
                  ~~~~~~~~~~~^
        token=token,
        ^^^^^^^^^^^^
    ...<6 lines>...
        on_disconnected=self._on_disconnected,
        ^^^^^^^^^^^^^^^^^^^^^^^^^^^^^^^^^^^^^^
    )
    ^
  File "C:\Users\maxxi\Videos\APPS\unified-trading-hub\deriv_client.py", line 65, in __init__
    self.account_id = account_id  # required for OTP — fetch from accounts list if empty
    ^^^^^^^^^^^^^^^
AttributeError: property 'account_id' of 'DerivClient' object has no setter

===== supervisor start 2026-06-18 18:44:00 =====
18:44:02 [bot:nexus] INFO Bot nexus starting...
18:44:02 [bot:nexus] INFO Connecting to Deriv...
Traceback (most recent call last):
  File "C:\Users\maxxi\Videos\APPS\unified-trading-hub\bot_runner.py", line 655, in <module>
    asyncio.run(main())
    ~~~~~~~~~~~^^^^^^^^
  File "C:\Users\maxxi\AppData\Local\Python\pythoncore-3.14-64\Lib\asyncio\runners.py", line 204, in run
    return runner.run(main)
           ~~~~~~~~~~^^^^^^
  File "C:\Users\maxxi\AppData\Local\Python\pythoncore-3.14-64\Lib\asyncio\runners.py", line 127, in run
    return self._loop.run_until_complete(task)
           ~~~~~~~~~~~~~~~~~~~~~~~~~~~~~^^^^^^
  File "C:\Users\maxxi\AppData\Local\Python\pythoncore-3.14-64\Lib\asyncio\base_events.py", line 719, in run_until_complete
    return future.result()
           ~~~~~~~~~~~~~^^
  File "C:\Users\maxxi\Videos\APPS\unified-trading-hub\bot_runner.py", line 651, in main
    await runner.run()
  File "C:\Users\maxxi\Videos\APPS\unified-trading-hub\bot_runner.py", line 301, in run
    self.client = DerivClient(
                  ~~~~~~~~~~~^
        token=token,
        ^^^^^^^^^^^^
    ...<6 lines>...
        on_disconnected=self._on_disconnected,
        ^^^^^^^^^^^^^^^^^^^^^^^^^^^^^^^^^^^^^^
    )
    ^
  File "C:\Users\maxxi\Videos\APPS\unified-trading-hub\deriv_client.py", line 65, in __init__
    self.account_id = account_id  # required for OTP — fetch from accounts list if empty
    ^^^^^^^^^^^^^^^
AttributeError: property 'account_id' of 'DerivClient' object has no setter

===== supervisor start 2026-06-18 18:44:08 =====
18:44:09 [bot:nexus] INFO Bot nexus starting...
18:44:09 [bot:nexus] INFO Connecting to Deriv...
Traceback (most recent call last):
  File "C:\Users\maxxi\Videos\APPS\unified-trading-hub\bot_runner.py", line 655, in <module>
    asyncio.run(main())
    ~~~~~~~~~~~^^^^^^^^
  File "C:\Users\maxxi\AppData\Local\Python\pythoncore-3.14-64\Lib\asyncio\runners.py", line 204, in run
    return runner.run(main)
           ~~~~~~~~~~^^^^^^
  File "C:\Users\maxxi\AppData\Local\Python\pythoncore-3.14-64\Lib\asyncio\runners.py", line 127, in run
    return self._loop.run_until_complete(task)
           ~~~~~~~~~~~~~~~~~~~~~~~~~~~~~^^^^^^
  File "C:\Users\maxxi\AppData\Local\Python\pythoncore-3.14-64\Lib\asyncio\base_events.py", line 719, in run_until_complete
    return future.result()
           ~~~~~~~~~~~~~^^
  File "C:\Users\maxxi\Videos\APPS\unified-trading-hub\bot_runner.py", line 651, in main
    await runner.run()
  File "C:\Users\maxxi\Videos\APPS\unified-trading-hub\bot_runner.py", line 301, in run
    self.client = DerivClient(
                  ~~~~~~~~~~~^
        token=token,
        ^^^^^^^^^^^^
    ...<6 lines>...
        on_disconnected=self._on_disconnected,
        ^^^^^^^^^^^^^^^^^^^^^^^^^^^^^^^^^^^^^^
    )
    ^
  File "C:\Users\maxxi\Videos\APPS\unified-trading-hub\deriv_client.py", line 65, in __init__
    self.account_id = account_id  # required for OTP — fetch from accounts list if empty
    ^^^^^^^^^^^^^^^
AttributeError: property 'account_id' of 'DerivClient' object has no setter

===== supervisor start 2026-06-18 18:44:19 =====
18:44:20 [bot:nexus] INFO Bot nexus starting...
18:44:20 [bot:nexus] INFO Connecting to Deriv...
Traceback (most recent call last):
  File "C:\Users\maxxi\Videos\APPS\unified-trading-hub\bot_runner.py", line 655, in <module>
    asyncio.run(main())
    ~~~~~~~~~~~^^^^^^^^
  File "C:\Users\maxxi\AppData\Local\Python\pythoncore-3.14-64\Lib\asyncio\runners.py", line 204, in run
    return runner.run(main)
           ~~~~~~~~~~^^^^^^
  File "C:\Users\maxxi\AppData\Local\Python\pythoncore-3.14-64\Lib\asyncio\runners.py", line 127, in run
    return self._loop.run_until_complete(task)
           ~~~~~~~~~~~~~~~~~~~~~~~~~~~~~^^^^^^
  File "C:\Users\maxxi\AppData\Local\Python\pythoncore-3.14-64\Lib\asyncio\base_events.py", line 719, in run_until_complete
    return future.result()
           ~~~~~~~~~~~~~^^
  File "C:\Users\maxxi\Videos\APPS\unified-trading-hub\bot_runner.py", line 651, in main
    await runner.run()
  File "C:\Users\maxxi\Videos\APPS\unified-trading-hub\bot_runner.py", line 301, in run
    self.client = DerivClient(
                  ~~~~~~~~~~~^
        token=token,
        ^^^^^^^^^^^^
    ...<6 lines>...
        on_disconnected=self._on_disconnected,
        ^^^^^^^^^^^^^^^^^^^^^^^^^^^^^^^^^^^^^^
    )
    ^
  File "C:\Users\maxxi\Videos\APPS\unified-trading-hub\deriv_client.py", line 65, in __init__
    self.account_id = account_id  # required for OTP — fetch from accounts list if empty
    ^^^^^^^^^^^^^^^
AttributeError: property 'account_id' of 'DerivClient' object has no setter

===== supervisor start 2026-06-18 18:44:35 =====
18:44:36 [bot:nexus] INFO Bot nexus starting...
18:44:36 [bot:nexus] INFO Connecting to Deriv...
Traceback (most recent call last):
  File "C:\Users\maxxi\Videos\APPS\unified-trading-hub\bot_runner.py", line 655, in <module>
    asyncio.run(main())
    ~~~~~~~~~~~^^^^^^^^
  File "C:\Users\maxxi\AppData\Local\Python\pythoncore-3.14-64\Lib\asyncio\runners.py", line 204, in run
    return runner.run(main)
           ~~~~~~~~~~^^^^^^
  File "C:\Users\maxxi\AppData\Local\Python\pythoncore-3.14-64\Lib\asyncio\runners.py", line 127, in run
    return self._loop.run_until_complete(task)
           ~~~~~~~~~~~~~~~~~~~~~~~~~~~~~^^^^^^
  File "C:\Users\maxxi\AppData\Local\Python\pythoncore-3.14-64\Lib\asyncio\base_events.py", line 719, in run_until_complete
    return future.result()
           ~~~~~~~~~~~~~^^
  File "C:\Users\maxxi\Videos\APPS\unified-trading-hub\bot_runner.py", line 651, in main
    await runner.run()
  File "C:\Users\maxxi\Videos\APPS\unified-trading-hub\bot_runner.py", line 301, in run
    self.client = DerivClient(
                  ~~~~~~~~~~~^
        token=token,
        ^^^^^^^^^^^^
    ...<6 lines>...
        on_disconnected=self._on_disconnected,
        ^^^^^^^^^^^^^^^^^^^^^^^^^^^^^^^^^^^^^^
    )
    ^
  File "C:\Users\maxxi\Videos\APPS\unified-trading-hub\deriv_client.py", line 65, in __init__
    self.account_id = account_id  # required for OTP — fetch from accounts list if empty
    ^^^^^^^^^^^^^^^
AttributeError: property 'account_id' of 'DerivClient' object has no setter

===== supervisor start 2026-06-18 18:44:59 =====
18:45:00 [bot:nexus] INFO Bot nexus starting...
18:45:00 [bot:nexus] INFO Connecting to Deriv...
Traceback (most recent call last):
  File "C:\Users\maxxi\Videos\APPS\unified-trading-hub\bot_runner.py", line 655, in <module>
    asyncio.run(main())
    ~~~~~~~~~~~^^^^^^^^
  File "C:\Users\maxxi\AppData\Local\Python\pythoncore-3.14-64\Lib\asyncio\runners.py", line 204, in run
    return runner.run(main)
           ~~~~~~~~~~^^^^^^
  File "C:\Users\maxxi\AppData\Local\Python\pythoncore-3.14-64\Lib\asyncio\runners.py", line 127, in run
    return self._loop.run_until_complete(task)
           ~~~~~~~~~~~~~~~~~~~~~~~~~~~~~^^^^^^
  File "C:\Users\maxxi\AppData\Local\Python\pythoncore-3.14-64\Lib\asyncio\base_events.py", line 719, in run_until_complete
    return future.result()
           ~~~~~~~~~~~~~^^
  File "C:\Users\maxxi\Videos\APPS\unified-trading-hub\bot_runner.py", line 651, in main
    await runner.run()
  File "C:\Users\maxxi\Videos\APPS\unified-trading-hub\bot_runner.py", line 301, in run
    self.client = DerivClient(
                  ~~~~~~~~~~~^
        token=token,
        ^^^^^^^^^^^^
    ...<6 lines>...
        on_disconnected=self._on_disconnected,
        ^^^^^^^^^^^^^^^^^^^^^^^^^^^^^^^^^^^^^^
    )
    ^
  File "C:\Users\maxxi\Videos\APPS\unified-trading-hub\deriv_client.py", line 65, in __init__
    self.account_id = account_id  # required for OTP — fetch from accounts list if empty
    ^^^^^^^^^^^^^^^
AttributeError: property 'account_id' of 'DerivClient' object has no setter

===== supervisor start 2026-06-18 18:45:34 =====
18:45:35 [bot:nexus] INFO Bot nexus starting...
18:45:35 [bot:nexus] INFO Connecting to Deriv...
Traceback (most recent call last):
  File "C:\Users\maxxi\Videos\APPS\unified-trading-hub\bot_runner.py", line 655, in <module>
    asyncio.run(main())
    ~~~~~~~~~~~^^^^^^^^
  File "C:\Users\maxxi\AppData\Local\Python\pythoncore-3.14-64\Lib\asyncio\runners.py", line 204, in run
    return runner.run(main)
           ~~~~~~~~~~^^^^^^
  File "C:\Users\maxxi\AppData\Local\Python\pythoncore-3.14-64\Lib\asyncio\runners.py", line 127, in run
    return self._loop.run_until_complete(task)
           ~~~~~~~~~~~~~~~~~~~~~~~~~~~~~^^^^^^
  File "C:\Users\maxxi\AppData\Local\Python\pythoncore-3.14-64\Lib\asyncio\base_events.py", line 719, in run_until_complete
    return future.result()
           ~~~~~~~~~~~~~^^
  File "C:\Users\maxxi\Videos\APPS\unified-trading-hub\bot_runner.py", line 651, in main
    await runner.run()
  File "C:\Users\maxxi\Videos\APPS\unified-trading-hub\bot_runner.py", line 301, in run
    self.client = DerivClient(
                  ~~~~~~~~~~~^
        token=token,
        ^^^^^^^^^^^^
    ...<6 lines>...
        on_disconnected=self._on_disconnected,
        ^^^^^^^^^^^^^^^^^^^^^^^^^^^^^^^^^^^^^^
    )
    ^
  File "C:\Users\maxxi\Videos\APPS\unified-trading-hub\deriv_client.py", line 65, in __init__
    self.account_id = account_id  # required for OTP — fetch from accounts list if empty
    ^^^^^^^^^^^^^^^
AttributeError: property 'account_id' of 'DerivClient' object has no setter

===== supervisor start 2026-06-18 18:46:26 =====
18:46:27 [bot:nexus] INFO Bot nexus starting...
18:46:27 [bot:nexus] INFO Connecting to Deriv...
Traceback (most recent call last):
  File "C:\Users\maxxi\Videos\APPS\unified-trading-hub\bot_runner.py", line 655, in <module>
    asyncio.run(main())
    ~~~~~~~~~~~^^^^^^^^
  File "C:\Users\maxxi\AppData\Local\Python\pythoncore-3.14-64\Lib\asyncio\runners.py", line 204, in run
    return runner.run(main)
           ~~~~~~~~~~^^^^^^
  File "C:\Users\maxxi\AppData\Local\Python\pythoncore-3.14-64\Lib\asyncio\runners.py", line 127, in run
    return self._loop.run_until_complete(task)
           ~~~~~~~~~~~~~~~~~~~~~~~~~~~~~^^^^^^
  File "C:\Users\maxxi\AppData\Local\Python\pythoncore-3.14-64\Lib\asyncio\base_events.py", line 719, in run_until_complete
    return future.result()
           ~~~~~~~~~~~~~^^
  File "C:\Users\maxxi\Videos\APPS\unified-trading-hub\bot_runner.py", line 651, in main
    await runner.run()
  File "C:\Users\maxxi\Videos\APPS\unified-trading-hub\bot_runner.py", line 301, in run
    self.client = DerivClient(
                  ~~~~~~~~~~~^
        token=token,
        ^^^^^^^^^^^^
    ...<6 lines>...
        on_disconnected=self._on_disconnected,
        ^^^^^^^^^^^^^^^^^^^^^^^^^^^^^^^^^^^^^^
    )
    ^
  File "C:\Users\maxxi\Videos\APPS\unified-trading-hub\deriv_client.py", line 65, in __init__
    self.account_id = account_id  # required for OTP — fetch from accounts list if empty
    ^^^^^^^^^^^^^^^
AttributeError: property 'account_id' of 'DerivClient' object has no setter

===== supervisor start 2026-06-18 18:47:27 =====
18:47:27 [bot:nexus] INFO Bot nexus starting...
18:47:27 [bot:nexus] INFO Connecting to Deriv...
18:47:28 [deriv_client] ERROR WS/auth error: Accounts fetch failed: 429
18:47:28 [deriv_client] INFO Reconnecting in 3s...
18:47:31 [deriv_client] ERROR WS/auth error: Accounts fetch failed: 429
18:47:31 [deriv_client] INFO Reconnecting in 4.5s...
18:47:36 [deriv_client] ERROR WS/auth error: Accounts fetch failed: 429
18:47:36 [deriv_client] INFO Reconnecting in 6.75s...
18:47:43 [deriv_client] ERROR WS/auth error: Accounts fetch failed: 429
18:47:43 [deriv_client] INFO Reconnecting in 10.125s...
18:47:54 [deriv_client] ERROR WS/auth error: Accounts fetch failed: 429
18:47:54 [deriv_client] INFO Reconnecting in 15.1875s...
18:47:57 [bot:nexus] ERROR Connection timed out — retrying in 5s
18:48:02 [bot:nexus] INFO No API token configured — waiting...
18:48:02 [root] WARNING write_status failed: Extra data: line 27 column 1 (char 791)
18:48:07 [bot:nexus] INFO No API token configured — waiting...
18:48:07 [root] WARNING write_status failed: Extra data: line 27 column 1 (char 791)
18:48:09 [deriv_client] ERROR WS/auth error: Accounts fetch failed: 429
18:48:09 [deriv_client] INFO Reconnecting in 22.78125s...
18:48:12 [bot:nexus] INFO No API token configured — waiting...
18:48:12 [root] WARNING write_status failed: Extra data: line 27 column 1 (char 791)
18:48:17 [bot:nexus] INFO No API token configured — waiting...
18:48:17 [root] WARNING write_status failed: Extra data: line 27 column 1 (char 791)
18:48:22 [bot:nexus] INFO No API token configured — waiting...
18:48:22 [root] WARNING write_status failed: Extra data: line 27 column 1 (char 791)
18:48:27 [bot:nexus] INFO No API token configured — waiting...
18:48:27 [root] WARNING write_status failed: Extra data: line 27 column 1 (char 791)
18:48:32 [deriv_client] ERROR WS/auth error: Accounts fetch failed: 429
18:48:32 [deriv_client] INFO Reconnecting in 30s...
18:48:33 [bot:nexus] INFO No API token configured — waiting...
18:48:33 [root] WARNING write_status failed: Extra data: line 27 column 1 (char 791)
18:48:38 [bot:nexus] INFO No API token configured — waiting...
18:48:38 [root] WARNING write_status failed: Extra data: line 27 column 1 (char 791)
18:48:43 [bot:nexus] INFO No API token configured — waiting...
18:48:43 [root] WARNING write_status failed: Extra data: line 27 column 1 (char 791)
18:48:48 [bot:nexus] INFO No API token configured — waiting...
18:48:48 [root] WARNING write_status failed: Extra data: line 27 column 1 (char 791)
18:48:53 [bot:nexus] INFO No API token configured — waiting...
18:48:53 [root] WARNING write_status failed: Extra data: line 27 column 1 (char 791)
18:48:58 [bot:nexus] INFO No API token configured — waiting...
18:48:58 [root] WARNING write_status failed: Extra data: line 27 column 1 (char 791)
18:49:02 [deriv_client] ERROR WS/auth error: Accounts fetch failed: 429
18:49:02 [deriv_client] INFO Reconnecting in 30s...
18:49:03 [bot:nexus] INFO No API token configured — waiting...
18:49:03 [root] WARNING write_status failed: Extra data: line 27 column 1 (char 791)
18:49:08 [bot:nexus] INFO No API token configured — waiting...
18:49:08 [root] WARNING write_status failed: Extra data: line 27 column 1 (char 791)
18:49:13 [bot:nexus] INFO No API token configured — waiting...
18:49:13 [root] WARNING write_status failed: Extra data: line 27 column 1 (char 791)
18:49:18 [bot:nexus] INFO No API token configured — waiting...
18:49:18 [root] WARNING write_status failed: Extra data: line 27 column 1 (char 791)
18:49:23 [bot:nexus] INFO No API token configured — waiting...
18:49:23 [root] WARNING write_status failed: Extra data: line 27 column 1 (char 791)
18:49:28 [bot:nexus] INFO No API token configured — waiting...
18:49:28 [root] WARNING write_status failed: Extra data: line 27 column 1 (char 791)
18:49:33 [deriv_client] ERROR WS/auth error: Accounts fetch failed: 429
18:49:33 [deriv_client] INFO Reconnecting in 30s...
18:49:33 [bot:nexus] INFO No API token configured — waiting...
18:49:33 [root] WARNING write_status failed: Extra data: line 27 column 1 (char 791)
18:49:38 [bot:nexus] INFO No API token configured — waiting...
18:49:38 [root] WARNING write_status failed: Extra data: line 27 column 1 (char 791)
18:49:43 [bot:nexus] INFO No API token configured — waiting...
18:49:43 [root] WARNING write_status failed: Extra data: line 27 column 1 (char 791)
18:49:48 [bot:nexus] INFO No API token configured — waiting...
18:49:48 [root] WARNING write_status failed: Extra data: line 27 column 1 (char 791)
18:49:53 [bot:nexus] INFO No API token configured — waiting...
18:49:53 [root] WARNING write_status failed: Extra data: line 27 column 1 (char 791)
18:49:58 [bot:nexus] INFO No API token configured — waiting...
18:49:58 [root] WARNING write_status failed: Extra data: line 27 column 1 (char 791)
18:50:03 [bot:nexus] INFO No API token configured — waiting...
18:50:03 [root] WARNING write_status failed: Extra data: line 27 column 1 (char 791)
18:50:03 [deriv_client] ERROR WS/auth error: Accounts fetch failed: 429
18:50:03 [deriv_client] INFO Reconnecting in 30s...
18:50:08 [bot:nexus] INFO No API token configured — waiting...
18:50:08 [root] WARNING write_status failed: Extra data: line 27 column 1 (char 791)
18:50:13 [bot:nexus] INFO No API token configured — waiting...
18:50:13 [root] WARNING write_status failed: Extra data: line 27 column 1 (char 791)
18:50:18 [bot:nexus] INFO No API token configured — waiting...
18:50:18 [root] WARNING write_status failed: Extra data: line 27 column 1 (char 791)
18:50:23 [bot:nexus] INFO No API token configured — waiting...
18:50:23 [root] WARNING write_status failed: Extra data: line 27 column 1 (char 791)
18:50:28 [bot:nexus] INFO No API token configured — waiting...
18:50:28 [root] WARNING write_status failed: Extra data: line 27 column 1 (char 791)
18:50:33 [bot:nexus] INFO No API token configured — waiting...
18:50:33 [root] WARNING write_status failed: Extra data: line 27 column 1 (char 791)
18:50:33 [deriv_client] ERROR WS/auth error: Accounts fetch failed: 429
18:50:33 [deriv_client] INFO Reconnecting in 30s...
18:50:38 [bot:nexus] INFO No API token configured — waiting...
18:50:38 [root] WARNING write_status failed: Extra data: line 27 column 1 (char 791)
18:50:43 [bot:nexus] INFO No API token configured — waiting...
18:50:43 [root] WARNING write_status failed: Extra data: line 27 column 1 (char 791)
18:50:48 [bot:nexus] INFO No API token configured — waiting...
18:50:48 [root] WARNING write_status failed: Extra data: line 27 column 1 (char 791)
18:50:53 [bot:nexus] INFO No API token configured — waiting...
18:50:53 [root] WARNING write_status failed: Extra data: line 27 column 1 (char 791)
18:50:58 [bot:nexus] INFO No API token configured — waiting...
18:50:58 [root] WARNING write_status failed: Extra data: line 27 column 1 (char 791)
18:51:03 [bot:nexus] INFO No API token configured — waiting...
18:51:03 [root] WARNING write_status failed: Extra data: line 27 column 1 (char 791)
18:51:03 [deriv_client] ERROR WS/auth error: Accounts fetch failed: 429
18:51:03 [deriv_client] INFO Reconnecting in 30s...
18:51:08 [bot:nexus] INFO No API token configured — waiting...
18:51:08 [root] WARNING write_status failed: Extra data: line 27 column 1 (char 791)
18:51:13 [bot:nexus] INFO No API token configured — waiting...
18:51:13 [root] WARNING write_status failed: Extra data: line 27 column 1 (char 791)
18:51:18 [bot:nexus] INFO No API token configured — waiting...
18:51:18 [root] WARNING write_status failed: Extra data: line 27 column 1 (char 791)
18:51:23 [bot:nexus] INFO No API token configured — waiting...
18:51:23 [root] WARNING write_status failed: Extra data: line 27 column 1 (char 791)
18:51:28 [bot:nexus] INFO Connecting to Deriv...
18:51:28 [deriv_client] ERROR WS/auth error: Accounts fetch failed: 429
18:51:28 [deriv_client] INFO Reconnecting in 3s...
18:51:31 [deriv_client] ERROR WS/auth error: Accounts fetch failed: 429
18:51:31 [deriv_client] INFO Reconnecting in 4.5s...
18:51:36 [deriv_client] ERROR WS/auth error: Accounts fetch failed: 429
18:51:36 [deriv_client] INFO Reconnecting in 6.75s...
18:51:43 [deriv_client] ERROR WS/auth error: Accounts fetch failed: 429
18:51:43 [deriv_client] INFO Reconnecting in 10.125s...
18:51:53 [deriv_client] ERROR WS/auth error: Accounts fetch failed: 429
18:51:53 [deriv_client] INFO Reconnecting in 15.1875s...
18:51:58 [bot:nexus] ERROR Connection timed out — retrying in 5s
18:52:03 [bot:nexus] INFO Connecting to Deriv...
18:52:04 [deriv_client] ERROR WS/auth error: Accounts fetch failed: 429
18:52:04 [deriv_client] INFO Reconnecting in 3s...
18:52:08 [deriv_client] ERROR WS/auth error: Accounts fetch failed: 429
18:52:08 [deriv_client] INFO Reconnecting in 4.5s...
18:52:14 [deriv_client] ERROR WS/auth error: Accounts fetch failed: 429
18:52:14 [deriv_client] INFO Reconnecting in 6.75s...
18:52:22 [deriv_client] ERROR WS/auth error: Accounts fetch failed: 429
18:52:22 [deriv_client] INFO Reconnecting in 10.125s...
18:52:33 [bot:nexus] ERROR Connection timed out — retrying in 5s
18:52:33 [deriv_client] ERROR WS/auth error: Accounts fetch failed: 429
18:52:33 [deriv_client] INFO Reconnecting in 15.1875s...
18:52:38 [bot:nexus] INFO Connecting to Deriv...
18:52:40 [deriv_client] ERROR WS/auth error: Accounts fetch failed: 429
18:52:40 [deriv_client] INFO Reconnecting in 3s...
18:52:43 [deriv_client] ERROR WS/auth error: Accounts fetch failed: 429
18:52:43 [deriv_client] INFO Reconnecting in 4.5s...
18:52:48 [deriv_client] ERROR WS/auth error: Accounts fetch failed: 429
18:52:48 [deriv_client] INFO Reconnecting in 6.75s...
18:52:55 [deriv_client] ERROR WS/auth error: Accounts fetch failed: 429
18:52:55 [deriv_client] INFO Reconnecting in 10.125s...
18:53:05 [deriv_client] ERROR WS/auth error: Accounts fetch failed: 429
18:53:05 [deriv_client] INFO Reconnecting in 15.1875s...
18:53:08 [bot:nexus] ERROR Connection timed out — retrying in 5s
18:53:13 [bot:nexus] INFO Connecting to Deriv...
18:53:14 [deriv_client] ERROR WS/auth error: Accounts fetch failed: 429
18:53:14 [deriv_client] INFO Reconnecting in 3s...
18:53:17 [deriv_client] ERROR WS/auth error: Accounts fetch failed: 429
18:53:17 [deriv_client] INFO Reconnecting in 4.5s...
18:53:23 [deriv_client] ERROR WS/auth error: Accounts fetch failed: 429
18:53:23 [deriv_client] INFO Reconnecting in 6.75s...
18:53:30 [deriv_client] ERROR WS/auth error: Accounts fetch failed: 429
18:53:30 [deriv_client] INFO Reconnecting in 10.125s...
18:53:42 [deriv_client] ERROR WS/auth error: Accounts fetch failed: 429
18:53:42 [deriv_client] INFO Reconnecting in 15.1875s...
18:53:43 [bot:nexus] ERROR Connection timed out — retrying in 5s
18:53:48 [bot:nexus] INFO Connecting to Deriv...
18:53:48 [deriv_client] ERROR WS/auth error: Accounts fetch failed: 429
18:53:48 [deriv_client] INFO Reconnecting in 3s...
18:53:52 [deriv_client] ERROR WS/auth error: Accounts fetch failed: 429
18:53:52 [deriv_client] INFO Reconnecting in 4.5s...
18:53:59 [deriv_client] ERROR WS/auth error: Accounts fetch failed: 429
18:53:59 [deriv_client] INFO Reconnecting in 6.75s...
18:54:06 [deriv_client] ERROR WS/auth error: Accounts fetch failed: 429
18:54:06 [deriv_client] INFO Reconnecting in 10.125s...

===== supervisor start 2026-06-18 18:57:01 =====
18:57:02 [bot:nexus] INFO Bot nexus starting...
18:57:02 [bot:nexus] INFO Connecting to Deriv...
18:57:02 [deriv_client] WARNING Rate limited! Retrying after 26s...
18:57:29 [deriv_client] WARNING Rate limited! Retrying after 600s...
18:57:32 [bot:nexus] ERROR Connection timed out — retrying in 5s
18:57:37 [bot:nexus] INFO Connecting to Deriv...
18:57:37 [deriv_client] WARNING Rate limited! Retrying after 592s...
18:58:07 [bot:nexus] ERROR Connection timed out — retrying in 5s
18:58:12 [bot:nexus] INFO Connecting to Deriv...
18:58:12 [deriv_client] WARNING Rate limited! Retrying after 557s...
18:58:42 [bot:nexus] ERROR Connection timed out — retrying in 5s
18:58:47 [bot:nexus] INFO Connecting to Deriv...
18:58:47 [deriv_client] WARNING Rate limited! Retrying after 522s...
18:59:17 [bot:nexus] ERROR Connection timed out — retrying in 5s
18:59:22 [bot:nexus] INFO Connecting to Deriv...
18:59:22 [deriv_client] WARNING Rate limited! Retrying after 487s...
18:59:52 [bot:nexus] ERROR Connection timed out — retrying in 5s
18:59:57 [bot:nexus] INFO Connecting to Deriv...
18:59:58 [deriv_client] WARNING Rate limited! Retrying after 451s...
19:00:27 [bot:nexus] ERROR Connection timed out — retrying in 5s
19:00:32 [bot:nexus] INFO Connecting to Deriv...
19:00:32 [deriv_client] WARNING Rate limited! Retrying after 417s...
19:01:02 [bot:nexus] ERROR Connection timed out — retrying in 5s
19:01:07 [bot:nexus] INFO Connecting to Deriv...
19:01:07 [deriv_client] WARNING Rate limited! Retrying after 382s...
19:01:37 [bot:nexus] ERROR Connection timed out — retrying in 5s
19:01:42 [bot:nexus] INFO Connecting to Deriv...
19:01:43 [deriv_client] WARNING Rate limited! Retrying after 346s...
19:02:12 [bot:nexus] ERROR Connection timed out — retrying in 5s
19:02:17 [bot:nexus] INFO Connecting to Deriv...
19:02:17 [deriv_client] WARNING Rate limited! Retrying after 312s...
19:02:47 [bot:nexus] ERROR Connection timed out — retrying in 5s
19:02:52 [bot:nexus] INFO Connecting to Deriv...
19:02:52 [deriv_client] WARNING Rate limited! Retrying after 277s...
19:03:22 [bot:nexus] ERROR Connection timed out — retrying in 5s
19:03:27 [bot:nexus] INFO Connecting to Deriv...
19:03:27 [deriv_client] WARNING Rate limited! Retrying after 242s...
19:03:57 [bot:nexus] ERROR Connection timed out — retrying in 5s
19:04:02 [bot:nexus] INFO Connecting to Deriv...
19:04:02 [deriv_client] WARNING Rate limited! Retrying after 207s...
19:04:32 [bot:nexus] ERROR Connection timed out — retrying in 5s
19:04:37 [bot:nexus] INFO Connecting to Deriv...
19:04:37 [deriv_client] WARNING Rate limited! Retrying after 172s...
19:05:07 [bot:nexus] ERROR Connection timed out — retrying in 5s
19:05:12 [bot:nexus] INFO Connecting to Deriv...
19:05:13 [deriv_client] WARNING Rate limited! Retrying after 136s...
19:05:42 [bot:nexus] ERROR Connection timed out — retrying in 5s
19:05:47 [bot:nexus] INFO Connecting to Deriv...
19:05:47 [deriv_client] WARNING Rate limited! Retrying after 102s...
19:06:17 [bot:nexus] ERROR Connection timed out — retrying in 5s
19:06:22 [bot:nexus] INFO Connecting to Deriv...
19:06:22 [deriv_client] WARNING Rate limited! Retrying after 67s...
19:06:52 [bot:nexus] ERROR Connection timed out — retrying in 5s
19:06:57 [bot:nexus] INFO Connecting to Deriv...
19:06:57 [deriv_client] WARNING Rate limited! Retrying after 32s...
19:07:27 [bot:nexus] ERROR Connection timed out — retrying in 5s
19:07:29 [deriv_client] WARNING Rate limited! Retrying after 0s...
19:07:30 [deriv_client] WARNING Rate limited! Retrying after 600s...
19:07:32 [bot:nexus] INFO Connecting to Deriv...
19:07:32 [deriv_client] WARNING Rate limited! Retrying after 598s...
19:08:02 [bot:nexus] ERROR Connection timed out — retrying in 5s
19:08:07 [bot:nexus] INFO Connecting to Deriv...
19:08:07 [deriv_client] WARNING Rate limited! Retrying after 563s...
19:08:37 [bot:nexus] ERROR Connection timed out — retrying in 5s
19:08:42 [bot:nexus] INFO Connecting to Deriv...
19:08:42 [deriv_client] WARNING Rate limited! Retrying after 528s...
19:09:12 [bot:nexus] ERROR Connection timed out — retrying in 5s
19:09:17 [bot:nexus] INFO Connecting to Deriv...
19:09:17 [deriv_client] WARNING Rate limited! Retrying after 493s...
