
===== supervisor start 2026-06-18 18:41:09 =====
18:41:21 [bot:odd] INFO Bot odd starting...
18:41:21 [bot:odd] INFO No API token configured — waiting...
18:41:26 [bot:odd] INFO No API token configured — waiting...
18:41:31 [bot:odd] INFO No API token configured — waiting...
18:41:36 [bot:odd] INFO No API token configured — waiting...
18:41:41 [bot:odd] INFO No API token configured — waiting...
18:41:46 [bot:odd] INFO No API token configured — waiting...
18:41:51 [bot:odd] INFO No API token configured — waiting...
18:41:56 [bot:odd] INFO No API token configured — waiting...
18:42:01 [bot:odd] INFO No API token configured — waiting...
18:42:06 [bot:odd] INFO No API token configured — waiting...
18:42:11 [bot:odd] INFO No API token configured — waiting...
18:42:16 [bot:odd] INFO No API token configured — waiting...
18:42:21 [bot:odd] INFO No API token configured — waiting...
18:42:26 [bot:odd] INFO No API token configured — waiting...
18:42:31 [bot:odd] INFO No API token configured — waiting...
18:42:36 [bot:odd] INFO No API token configured — waiting...
18:42:41 [bot:odd] INFO No API token configured — waiting...
18:42:46 [bot:odd] INFO No API token configured — waiting...
18:42:51 [bot:odd] INFO No API token configured — waiting...
18:42:56 [bot:odd] INFO No API token configured — waiting...
18:43:01 [bot:odd] INFO No API token configured — waiting...
18:43:06 [bot:odd] INFO No API token configured — waiting...
18:43:11 [bot:odd] INFO No API token configured — waiting...
18:43:16 [bot:odd] INFO No API token configured — waiting...
18:43:21 [bot:odd] INFO No API token configured — waiting...
18:43:26 [bot:odd] INFO No API token configured — waiting...
18:43:31 [bot:odd] INFO No API token configured — waiting...
18:43:36 [bot:odd] INFO No API token configured — waiting...
18:43:41 [bot:odd] INFO No API token configured — waiting...
18:43:46 [bot:odd] INFO No API token configured — waiting...
18:43:51 [bot:odd] INFO Connecting to Deriv...
Traceback (most recent call last):
  File "C:\Users\maxxi\Videos\APPS\unified-trading-hub\bot_runner.py", line 655, in <module>
    asyncio.run(main())
    ~~~~~~~~~~~^^^^^^^^
  File "C:\Users\maxxi\AppData\Local\Python\pythoncore-3.14-64\Lib\asyncio\runners.py", line 204, in run
    return runner.run(main)
           ~~~~~~~~~~^^^^^^
  File "C:\Users\maxxi\AppData\Local\Python\pythoncore-3.14-64\Lib\asyncio\runners.py", line 127, in run
    return self._loop.run_until_complete(task)
           ~~~~~~~~~~~~~~~~~~~~~~~~~~~~~^^^^^^
  File "C:\Users\maxxi\AppData\Local\Python\pythoncore-3.14-64\Lib\asyncio\base_events.py", line 719, in run_until_complete
    return future.result()
           ~~~~~~~~~~~~~^^
  File "C:\Users\maxxi\Videos\APPS\unified-trading-hub\bot_runner.py", line 651, in main
    await runner.run()
  File "C:\Users\maxxi\Videos\APPS\unified-trading-hub\bot_runner.py", line 301, in run
    self.client = DerivClient(
                  ~~~~~~~~~~~^
        token=token,
        ^^^^^^^^^^^^
    ...<6 lines>...
        on_disconnected=self._on_disconnected,
        ^^^^^^^^^^^^^^^^^^^^^^^^^^^^^^^^^^^^^^
    )
    ^
  File "C:\Users\maxxi\Videos\APPS\unified-trading-hub\deriv_client.py", line 65, in __init__
    self.account_id = account_id  # required for OTP — fetch from accounts list if empty
    ^^^^^^^^^^^^^^^
AttributeError: property 'account_id' of 'DerivClient' object has no setter

===== supervisor start 2026-06-18 18:43:54 =====
18:43:56 [bot:odd] INFO Bot odd starting...
18:43:56 [bot:odd] INFO Connecting to Deriv...
Traceback (most recent call last):
  File "C:\Users\maxxi\Videos\APPS\unified-trading-hub\bot_runner.py", line 655, in <module>
    asyncio.run(main())
    ~~~~~~~~~~~^^^^^^^^
  File "C:\Users\maxxi\AppData\Local\Python\pythoncore-3.14-64\Lib\asyncio\runners.py", line 204, in run
    return runner.run(main)
           ~~~~~~~~~~^^^^^^
  File "C:\Users\maxxi\AppData\Local\Python\pythoncore-3.14-64\Lib\asyncio\runners.py", line 127, in run
    return self._loop.run_until_complete(task)
           ~~~~~~~~~~~~~~~~~~~~~~~~~~~~~^^^^^^
  File "C:\Users\maxxi\AppData\Local\Python\pythoncore-3.14-64\Lib\asyncio\base_events.py", line 719, in run_until_complete
    return future.result()
           ~~~~~~~~~~~~~^^
  File "C:\Users\maxxi\Videos\APPS\unified-trading-hub\bot_runner.py", line 651, in main
    await runner.run()
  File "C:\Users\maxxi\Videos\APPS\unified-trading-hub\bot_runner.py", line 301, in run
    self.client = DerivClient(
                  ~~~~~~~~~~~^
        token=token,
        ^^^^^^^^^^^^
    ...<6 lines>...
        on_disconnected=self._on_disconnected,
        ^^^^^^^^^^^^^^^^^^^^^^^^^^^^^^^^^^^^^^
    )
    ^
  File "C:\Users\maxxi\Videos\APPS\unified-trading-hub\deriv_client.py", line 65, in __init__
    self.account_id = account_id  # required for OTP — fetch from accounts list if empty
    ^^^^^^^^^^^^^^^
AttributeError: property 'account_id' of 'DerivClient' object has no setter

===== supervisor start 2026-06-18 18:44:00 =====
18:44:01 [bot:odd] INFO Bot odd starting...
18:44:01 [bot:odd] INFO Connecting to Deriv...
Traceback (most recent call last):
  File "C:\Users\maxxi\Videos\APPS\unified-trading-hub\bot_runner.py", line 655, in <module>
    asyncio.run(main())
    ~~~~~~~~~~~^^^^^^^^
  File "C:\Users\maxxi\AppData\Local\Python\pythoncore-3.14-64\Lib\asyncio\runners.py", line 204, in run
    return runner.run(main)
           ~~~~~~~~~~^^^^^^
  File "C:\Users\maxxi\AppData\Local\Python\pythoncore-3.14-64\Lib\asyncio\runners.py", line 127, in run
    return self._loop.run_until_complete(task)
           ~~~~~~~~~~~~~~~~~~~~~~~~~~~~~^^^^^^
  File "C:\Users\maxxi\AppData\Local\Python\pythoncore-3.14-64\Lib\asyncio\base_events.py", line 719, in run_until_complete
    return future.result()
           ~~~~~~~~~~~~~^^
  File "C:\Users\maxxi\Videos\APPS\unified-trading-hub\bot_runner.py", line 651, in main
    await runner.run()
  File "C:\Users\maxxi\Videos\APPS\unified-trading-hub\bot_runner.py", line 301, in run
    self.client = DerivClient(
                  ~~~~~~~~~~~^
        token=token,
        ^^^^^^^^^^^^
    ...<6 lines>...
        on_disconnected=self._on_disconnected,
        ^^^^^^^^^^^^^^^^^^^^^^^^^^^^^^^^^^^^^^
    )
    ^
  File "C:\Users\maxxi\Videos\APPS\unified-trading-hub\deriv_client.py", line 65, in __init__
    self.account_id = account_id  # required for OTP — fetch from accounts list if empty
    ^^^^^^^^^^^^^^^
AttributeError: property 'account_id' of 'DerivClient' object has no setter

===== supervisor start 2026-06-18 18:44:08 =====
18:44:09 [bot:odd] INFO Bot odd starting...
18:44:09 [bot:odd] INFO Connecting to Deriv...
18:44:09 [root] WARNING write_status failed: Expecting value: line 1 column 1 (char 0)
Traceback (most recent call last):
  File "C:\Users\maxxi\Videos\APPS\unified-trading-hub\bot_runner.py", line 655, in <module>
    asyncio.run(main())
    ~~~~~~~~~~~^^^^^^^^
  File "C:\Users\maxxi\AppData\Local\Python\pythoncore-3.14-64\Lib\asyncio\runners.py", line 204, in run
    return runner.run(main)
           ~~~~~~~~~~^^^^^^
  File "C:\Users\maxxi\AppData\Local\Python\pythoncore-3.14-64\Lib\asyncio\runners.py", line 127, in run
    return self._loop.run_until_complete(task)
           ~~~~~~~~~~~~~~~~~~~~~~~~~~~~~^^^^^^
  File "C:\Users\maxxi\AppData\Local\Python\pythoncore-3.14-64\Lib\asyncio\base_events.py", line 719, in run_until_complete
    return future.result()
           ~~~~~~~~~~~~~^^
  File "C:\Users\maxxi\Videos\APPS\unified-trading-hub\bot_runner.py", line 651, in main
    await runner.run()
  File "C:\Users\maxxi\Videos\APPS\unified-trading-hub\bot_runner.py", line 301, in run
    self.client = DerivClient(
                  ~~~~~~~~~~~^
        token=token,
        ^^^^^^^^^^^^
    ...<6 lines>...
        on_disconnected=self._on_disconnected,
        ^^^^^^^^^^^^^^^^^^^^^^^^^^^^^^^^^^^^^^
    )
    ^
  File "C:\Users\maxxi\Videos\APPS\unified-trading-hub\deriv_client.py", line 65, in __init__
    self.account_id = account_id  # required for OTP — fetch from accounts list if empty
    ^^^^^^^^^^^^^^^
AttributeError: property 'account_id' of 'DerivClient' object has no setter

===== supervisor start 2026-06-18 18:44:19 =====
18:44:20 [bot:odd] INFO Bot odd starting...
18:44:20 [bot:odd] INFO Connecting to Deriv...
Traceback (most recent call last):
  File "C:\Users\maxxi\Videos\APPS\unified-trading-hub\bot_runner.py", line 655, in <module>
    asyncio.run(main())
    ~~~~~~~~~~~^^^^^^^^
  File "C:\Users\maxxi\AppData\Local\Python\pythoncore-3.14-64\Lib\asyncio\runners.py", line 204, in run
    return runner.run(main)
           ~~~~~~~~~~^^^^^^
  File "C:\Users\maxxi\AppData\Local\Python\pythoncore-3.14-64\Lib\asyncio\runners.py", line 127, in run
    return self._loop.run_until_complete(task)
           ~~~~~~~~~~~~~~~~~~~~~~~~~~~~~^^^^^^
  File "C:\Users\maxxi\AppData\Local\Python\pythoncore-3.14-64\Lib\asyncio\base_events.py", line 719, in run_until_complete
    return future.result()
           ~~~~~~~~~~~~~^^
  File "C:\Users\maxxi\Videos\APPS\unified-trading-hub\bot_runner.py", line 651, in main
    await runner.run()
  File "C:\Users\maxxi\Videos\APPS\unified-trading-hub\bot_runner.py", line 301, in run
    self.client = DerivClient(
                  ~~~~~~~~~~~^
        token=token,
        ^^^^^^^^^^^^
    ...<6 lines>...
        on_disconnected=self._on_disconnected,
        ^^^^^^^^^^^^^^^^^^^^^^^^^^^^^^^^^^^^^^
    )
    ^
  File "C:\Users\maxxi\Videos\APPS\unified-trading-hub\deriv_client.py", line 65, in __init__
    self.account_id = account_id  # required for OTP — fetch from accounts list if empty
    ^^^^^^^^^^^^^^^
AttributeError: property 'account_id' of 'DerivClient' object has no setter

===== supervisor start 2026-06-18 18:44:35 =====
18:44:36 [bot:odd] INFO Bot odd starting...
18:44:36 [bot:odd] INFO Connecting to Deriv...
Traceback (most recent call last):
  File "C:\Users\maxxi\Videos\APPS\unified-trading-hub\bot_runner.py", line 655, in <module>
    asyncio.run(main())
    ~~~~~~~~~~~^^^^^^^^
  File "C:\Users\maxxi\AppData\Local\Python\pythoncore-3.14-64\Lib\asyncio\runners.py", line 204, in run
    return runner.run(main)
           ~~~~~~~~~~^^^^^^
  File "C:\Users\maxxi\AppData\Local\Python\pythoncore-3.14-64\Lib\asyncio\runners.py", line 127, in run
    return self._loop.run_until_complete(task)
           ~~~~~~~~~~~~~~~~~~~~~~~~~~~~~^^^^^^
  File "C:\Users\maxxi\AppData\Local\Python\pythoncore-3.14-64\Lib\asyncio\base_events.py", line 719, in run_until_complete
    return future.result()
           ~~~~~~~~~~~~~^^
  File "C:\Users\maxxi\Videos\APPS\unified-trading-hub\bot_runner.py", line 651, in main
    await runner.run()
  File "C:\Users\maxxi\Videos\APPS\unified-trading-hub\bot_runner.py", line 301, in run
    self.client = DerivClient(
                  ~~~~~~~~~~~^
        token=token,
        ^^^^^^^^^^^^
    ...<6 lines>...
        on_disconnected=self._on_disconnected,
        ^^^^^^^^^^^^^^^^^^^^^^^^^^^^^^^^^^^^^^
    )
    ^
  File "C:\Users\maxxi\Videos\APPS\unified-trading-hub\deriv_client.py", line 65, in __init__
    self.account_id = account_id  # required for OTP — fetch from accounts list if empty
    ^^^^^^^^^^^^^^^
AttributeError: property 'account_id' of 'DerivClient' object has no setter

===== supervisor start 2026-06-18 18:44:59 =====
18:45:00 [bot:odd] INFO Bot odd starting...
18:45:00 [bot:odd] INFO Connecting to Deriv...
Traceback (most recent call last):
  File "C:\Users\maxxi\Videos\APPS\unified-trading-hub\bot_runner.py", line 655, in <module>
    asyncio.run(main())
    ~~~~~~~~~~~^^^^^^^^
  File "C:\Users\maxxi\AppData\Local\Python\pythoncore-3.14-64\Lib\asyncio\runners.py", line 204, in run
    return runner.run(main)
           ~~~~~~~~~~^^^^^^
  File "C:\Users\maxxi\AppData\Local\Python\pythoncore-3.14-64\Lib\asyncio\runners.py", line 127, in run
    return self._loop.run_until_complete(task)
           ~~~~~~~~~~~~~~~~~~~~~~~~~~~~~^^^^^^
  File "C:\Users\maxxi\AppData\Local\Python\pythoncore-3.14-64\Lib\asyncio\base_events.py", line 719, in run_until_complete
    return future.result()
           ~~~~~~~~~~~~~^^
  File "C:\Users\maxxi\Videos\APPS\unified-trading-hub\bot_runner.py", line 651, in main
    await runner.run()
  File "C:\Users\maxxi\Videos\APPS\unified-trading-hub\bot_runner.py", line 301, in run
    self.client = DerivClient(
                  ~~~~~~~~~~~^
        token=token,
        ^^^^^^^^^^^^
    ...<6 lines>...
        on_disconnected=self._on_disconnected,
        ^^^^^^^^^^^^^^^^^^^^^^^^^^^^^^^^^^^^^^
    )
    ^
  File "C:\Users\maxxi\Videos\APPS\unified-trading-hub\deriv_client.py", line 65, in __init__
    self.account_id = account_id  # required for OTP — fetch from accounts list if empty
    ^^^^^^^^^^^^^^^
AttributeError: property 'account_id' of 'DerivClient' object has no setter

===== supervisor start 2026-06-18 18:45:34 =====
18:45:35 [bot:odd] INFO Bot odd starting...
18:45:35 [bot:odd] INFO Connecting to Deriv...
Traceback (most recent call last):
  File "C:\Users\maxxi\Videos\APPS\unified-trading-hub\bot_runner.py", line 655, in <module>
    asyncio.run(main())
    ~~~~~~~~~~~^^^^^^^^
  File "C:\Users\maxxi\AppData\Local\Python\pythoncore-3.14-64\Lib\asyncio\runners.py", line 204, in run
    return runner.run(main)
           ~~~~~~~~~~^^^^^^
  File "C:\Users\maxxi\AppData\Local\Python\pythoncore-3.14-64\Lib\asyncio\runners.py", line 127, in run
    return self._loop.run_until_complete(task)
           ~~~~~~~~~~~~~~~~~~~~~~~~~~~~~^^^^^^
  File "C:\Users\maxxi\AppData\Local\Python\pythoncore-3.14-64\Lib\asyncio\base_events.py", line 719, in run_until_complete
    return future.result()
           ~~~~~~~~~~~~~^^
  File "C:\Users\maxxi\Videos\APPS\unified-trading-hub\bot_runner.py", line 651, in main
    await runner.run()
  File "C:\Users\maxxi\Videos\APPS\unified-trading-hub\bot_runner.py", line 301, in run
    self.client = DerivClient(
                  ~~~~~~~~~~~^
        token=token,
        ^^^^^^^^^^^^
    ...<6 lines>...
        on_disconnected=self._on_disconnected,
        ^^^^^^^^^^^^^^^^^^^^^^^^^^^^^^^^^^^^^^
    )
    ^
  File "C:\Users\maxxi\Videos\APPS\unified-trading-hub\deriv_client.py", line 65, in __init__
    self.account_id = account_id  # required for OTP — fetch from accounts list if empty
    ^^^^^^^^^^^^^^^
AttributeError: property 'account_id' of 'DerivClient' object has no setter

===== supervisor start 2026-06-18 18:46:26 =====
18:46:27 [bot:odd] INFO Bot odd starting...
18:46:27 [root] WARNING write_status failed: Expecting value: line 1 column 1 (char 0)
18:46:27 [bot:odd] INFO Connecting to Deriv...
Traceback (most recent call last):
  File "C:\Users\maxxi\Videos\APPS\unified-trading-hub\bot_runner.py", line 655, in <module>
    asyncio.run(main())
    ~~~~~~~~~~~^^^^^^^^
  File "C:\Users\maxxi\AppData\Local\Python\pythoncore-3.14-64\Lib\asyncio\runners.py", line 204, in run
    return runner.run(main)
           ~~~~~~~~~~^^^^^^
  File "C:\Users\maxxi\AppData\Local\Python\pythoncore-3.14-64\Lib\asyncio\runners.py", line 127, in run
    return self._loop.run_until_complete(task)
           ~~~~~~~~~~~~~~~~~~~~~~~~~~~~~^^^^^^
  File "C:\Users\maxxi\AppData\Local\Python\pythoncore-3.14-64\Lib\asyncio\base_events.py", line 719, in run_until_complete
    return future.result()
           ~~~~~~~~~~~~~^^
  File "C:\Users\maxxi\Videos\APPS\unified-trading-hub\bot_runner.py", line 651, in main
    await runner.run()
  File "C:\Users\maxxi\Videos\APPS\unified-trading-hub\bot_runner.py", line 301, in run
    self.client = DerivClient(
                  ~~~~~~~~~~~^
        token=token,
        ^^^^^^^^^^^^
    ...<6 lines>...
        on_disconnected=self._on_disconnected,
        ^^^^^^^^^^^^^^^^^^^^^^^^^^^^^^^^^^^^^^
    )
    ^
  File "C:\Users\maxxi\Videos\APPS\unified-trading-hub\deriv_client.py", line 65, in __init__
    self.account_id = account_id  # required for OTP — fetch from accounts list if empty
    ^^^^^^^^^^^^^^^
AttributeError: property 'account_id' of 'DerivClient' object has no setter

===== supervisor start 2026-06-18 18:47:27 =====
18:47:27 [bot:odd] INFO Bot odd starting...
18:47:27 [bot:odd] INFO Connecting to Deriv...
18:47:27 [root] WARNING write_status failed: Expecting value: line 1 column 1 (char 0)
18:47:28 [deriv_client] ERROR WS/auth error: Accounts fetch failed: 429
18:47:28 [deriv_client] INFO Reconnecting in 3s...
18:47:33 [deriv_client] ERROR WS/auth error: Accounts fetch failed: 429
18:47:33 [deriv_client] INFO Reconnecting in 4.5s...
18:47:38 [deriv_client] ERROR WS/auth error: Accounts fetch failed: 429
18:47:38 [deriv_client] INFO Reconnecting in 6.75s...
18:47:45 [deriv_client] ERROR WS/auth error: Accounts fetch failed: 429
18:47:45 [deriv_client] INFO Reconnecting in 10.125s...
18:47:56 [deriv_client] ERROR WS/auth error: Accounts fetch failed: 429
18:47:56 [deriv_client] INFO Reconnecting in 15.1875s...
18:47:57 [bot:odd] ERROR Connection timed out — retrying in 5s
18:48:02 [bot:odd] INFO Connecting to Deriv...
18:48:03 [deriv_client] ERROR WS/auth error: Accounts fetch failed: 429
18:48:03 [deriv_client] INFO Reconnecting in 3s...
18:48:07 [deriv_client] ERROR WS/auth error: Accounts fetch failed: 429
18:48:07 [deriv_client] INFO Reconnecting in 4.5s...
18:48:12 [deriv_client] ERROR WS/auth error: Accounts fetch failed: 429
18:48:12 [deriv_client] INFO Reconnecting in 6.75s...
18:48:19 [deriv_client] ERROR WS/auth error: Accounts fetch failed: 429
18:48:19 [deriv_client] INFO Reconnecting in 10.125s...
18:48:29 [deriv_client] ERROR WS/auth error: Accounts fetch failed: 429
18:48:29 [deriv_client] INFO Reconnecting in 15.1875s...
18:48:32 [bot:odd] ERROR Connection timed out — retrying in 5s
18:48:37 [bot:odd] INFO No API token configured — waiting...
18:48:37 [root] WARNING write_status failed: Extra data: line 27 column 1 (char 791)
18:48:42 [bot:odd] INFO No API token configured — waiting...
18:48:42 [root] WARNING write_status failed: Extra data: line 27 column 1 (char 791)
18:48:44 [deriv_client] ERROR WS/auth error: Accounts fetch failed: 429
18:48:44 [deriv_client] INFO Reconnecting in 22.78125s...
18:48:47 [bot:odd] INFO No API token configured — waiting...
18:48:47 [root] WARNING write_status failed: Extra data: line 27 column 1 (char 791)
18:48:52 [bot:odd] INFO No API token configured — waiting...
18:48:52 [root] WARNING write_status failed: Extra data: line 27 column 1 (char 791)
18:48:57 [bot:odd] INFO No API token configured — waiting...
18:48:57 [root] WARNING write_status failed: Extra data: line 27 column 1 (char 791)
18:49:02 [bot:odd] INFO No API token configured — waiting...
18:49:03 [root] WARNING write_status failed: Extra data: line 27 column 1 (char 791)
18:49:07 [deriv_client] ERROR WS/auth error: Accounts fetch failed: 429
18:49:07 [deriv_client] INFO Reconnecting in 30s...
18:49:08 [bot:odd] INFO No API token configured — waiting...
18:49:08 [root] WARNING write_status failed: Extra data: line 27 column 1 (char 791)
18:49:13 [bot:odd] INFO No API token configured — waiting...
18:49:13 [root] WARNING write_status failed: Extra data: line 27 column 1 (char 791)
18:49:18 [bot:odd] INFO No API token configured — waiting...
18:49:18 [root] WARNING write_status failed: Extra data: line 27 column 1 (char 791)
18:49:23 [bot:odd] INFO No API token configured — waiting...
18:49:23 [root] WARNING write_status failed: Extra data: line 27 column 1 (char 791)
18:49:28 [bot:odd] INFO No API token configured — waiting...
18:49:28 [root] WARNING write_status failed: Extra data: line 27 column 1 (char 791)
18:49:33 [bot:odd] INFO No API token configured — waiting...
18:49:33 [root] WARNING write_status failed: Extra data: line 27 column 1 (char 791)
18:49:38 [deriv_client] ERROR WS/auth error: Accounts fetch failed: 429
18:49:38 [deriv_client] INFO Reconnecting in 30s...
18:49:38 [bot:odd] INFO No API token configured — waiting...
18:49:38 [root] WARNING write_status failed: Extra data: line 27 column 1 (char 791)
18:49:43 [bot:odd] INFO No API token configured — waiting...
18:49:43 [root] WARNING write_status failed: Extra data: line 27 column 1 (char 791)
18:49:48 [bot:odd] INFO No API token configured — waiting...
18:49:48 [root] WARNING write_status failed: Extra data: line 27 column 1 (char 791)
18:49:53 [bot:odd] INFO No API token configured — waiting...
18:49:53 [root] WARNING write_status failed: Extra data: line 27 column 1 (char 791)
18:49:58 [bot:odd] INFO No API token configured — waiting...
18:49:58 [root] WARNING write_status failed: Extra data: line 27 column 1 (char 791)
18:50:03 [bot:odd] INFO No API token configured — waiting...
18:50:03 [root] WARNING write_status failed: Extra data: line 27 column 1 (char 791)
18:50:08 [bot:odd] INFO No API token configured — waiting...
18:50:08 [root] WARNING write_status failed: Extra data: line 27 column 1 (char 791)
18:50:08 [deriv_client] ERROR WS/auth error: Accounts fetch failed: 429
18:50:08 [deriv_client] INFO Reconnecting in 30s...
18:50:13 [bot:odd] INFO No API token configured — waiting...
18:50:13 [root] WARNING write_status failed: Extra data: line 27 column 1 (char 791)
18:50:18 [bot:odd] INFO No API token configured — waiting...
18:50:18 [root] WARNING write_status failed: Extra data: line 27 column 1 (char 791)
18:50:23 [bot:odd] INFO No API token configured — waiting...
18:50:23 [root] WARNING write_status failed: Extra data: line 27 column 1 (char 791)
18:50:28 [bot:odd] INFO No API token configured — waiting...
18:50:28 [root] WARNING write_status failed: Extra data: line 27 column 1 (char 791)
18:50:33 [bot:odd] INFO No API token configured — waiting...
18:50:33 [root] WARNING write_status failed: Extra data: line 27 column 1 (char 791)
18:50:38 [bot:odd] INFO No API token configured — waiting...
18:50:38 [root] WARNING write_status failed: Extra data: line 27 column 1 (char 791)
18:50:38 [deriv_client] ERROR WS/auth error: Accounts fetch failed: 429
18:50:38 [deriv_client] INFO Reconnecting in 30s...
18:50:43 [bot:odd] INFO No API token configured — waiting...
18:50:43 [root] WARNING write_status failed: Extra data: line 27 column 1 (char 791)
18:50:48 [bot:odd] INFO No API token configured — waiting...
18:50:48 [root] WARNING write_status failed: Extra data: line 27 column 1 (char 791)
18:50:53 [bot:odd] INFO No API token configured — waiting...
18:50:53 [root] WARNING write_status failed: Extra data: line 27 column 1 (char 791)
18:50:58 [bot:odd] INFO No API token configured — waiting...
18:50:58 [root] WARNING write_status failed: Extra data: line 27 column 1 (char 791)
18:51:03 [bot:odd] INFO No API token configured — waiting...
18:51:03 [root] WARNING write_status failed: Extra data: line 27 column 1 (char 791)
18:51:08 [bot:odd] INFO No API token configured — waiting...
18:51:08 [root] WARNING write_status failed: Extra data: line 27 column 1 (char 791)
18:51:08 [deriv_client] ERROR WS/auth error: Accounts fetch failed: 429
18:51:08 [deriv_client] INFO Reconnecting in 30s...
18:51:13 [bot:odd] INFO No API token configured — waiting...
18:51:13 [root] WARNING write_status failed: Extra data: line 27 column 1 (char 791)
18:51:18 [bot:odd] INFO No API token configured — waiting...
18:51:18 [root] WARNING write_status failed: Extra data: line 27 column 1 (char 791)
18:51:23 [bot:odd] INFO No API token configured — waiting...
18:51:23 [root] WARNING write_status failed: Extra data: line 27 column 1 (char 791)
18:51:28 [bot:odd] INFO Connecting to Deriv...
18:51:28 [deriv_client] ERROR WS/auth error: Accounts fetch failed: 429
18:51:28 [deriv_client] INFO Reconnecting in 3s...
18:51:31 [deriv_client] ERROR WS/auth error: Accounts fetch failed: 429
18:51:31 [deriv_client] INFO Reconnecting in 4.5s...
18:51:36 [deriv_client] ERROR WS/auth error: Accounts fetch failed: 429
18:51:36 [deriv_client] INFO Reconnecting in 6.75s...
18:51:43 [deriv_client] ERROR WS/auth error: Accounts fetch failed: 429
18:51:43 [deriv_client] INFO Reconnecting in 10.125s...
18:51:58 [bot:odd] ERROR Connection timed out — retrying in 5s
18:51:58 [deriv_client] ERROR WS/auth error: Accounts fetch failed: 429
18:51:58 [deriv_client] INFO Reconnecting in 15.1875s...
18:52:03 [bot:odd] INFO Connecting to Deriv...
18:52:04 [deriv_client] ERROR WS/auth error: Accounts fetch failed: 429
18:52:04 [deriv_client] INFO Reconnecting in 3s...
18:52:08 [deriv_client] ERROR WS/auth error: Accounts fetch failed: 429
18:52:08 [deriv_client] INFO Reconnecting in 4.5s...
18:52:15 [deriv_client] ERROR WS/auth error: Accounts fetch failed: 429
18:52:15 [deriv_client] INFO Reconnecting in 6.75s...
18:52:22 [deriv_client] ERROR WS/auth error: Accounts fetch failed: 429
18:52:22 [deriv_client] INFO Reconnecting in 10.125s...
18:52:33 [deriv_client] ERROR WS/auth error: Accounts fetch failed: 429
18:52:33 [deriv_client] INFO Reconnecting in 15.1875s...
18:52:33 [bot:odd] ERROR Connection timed out — retrying in 5s
18:52:38 [bot:odd] INFO Connecting to Deriv...
18:52:39 [deriv_client] ERROR WS/auth error: Accounts fetch failed: 429
18:52:39 [deriv_client] INFO Reconnecting in 3s...
18:52:42 [deriv_client] ERROR WS/auth error: Accounts fetch failed: 429
18:52:42 [deriv_client] INFO Reconnecting in 4.5s...
18:52:47 [deriv_client] ERROR WS/auth error: Accounts fetch failed: 429
18:52:47 [deriv_client] INFO Reconnecting in 6.75s...
18:52:54 [deriv_client] ERROR WS/auth error: Accounts fetch failed: 429
18:52:54 [deriv_client] INFO Reconnecting in 10.125s...
18:53:04 [deriv_client] ERROR WS/auth error: Accounts fetch failed: 429
18:53:04 [deriv_client] INFO Reconnecting in 15.1875s...
18:53:08 [bot:odd] ERROR Connection timed out — retrying in 5s
18:53:13 [bot:odd] INFO Connecting to Deriv...
18:53:14 [deriv_client] ERROR WS/auth error: Accounts fetch failed: 429
18:53:14 [deriv_client] INFO Reconnecting in 3s...
18:53:17 [deriv_client] ERROR WS/auth error: Accounts fetch failed: 429
18:53:17 [deriv_client] INFO Reconnecting in 4.5s...
18:53:22 [deriv_client] ERROR WS/auth error: Accounts fetch failed: 429
18:53:22 [deriv_client] INFO Reconnecting in 6.75s...
18:53:30 [deriv_client] ERROR WS/auth error: Accounts fetch failed: 429
18:53:30 [deriv_client] INFO Reconnecting in 10.125s...
18:53:41 [deriv_client] ERROR WS/auth error: Accounts fetch failed: 429
18:53:41 [deriv_client] INFO Reconnecting in 15.1875s...
18:53:43 [bot:odd] ERROR Connection timed out — retrying in 5s
18:53:48 [bot:odd] INFO Connecting to Deriv...
18:53:49 [deriv_client] ERROR WS/auth error: Accounts fetch failed: 429
18:53:49 [deriv_client] INFO Reconnecting in 3s...
18:53:52 [deriv_client] ERROR WS/auth error: Accounts fetch failed: 429
18:53:52 [deriv_client] INFO Reconnecting in 4.5s...
18:53:58 [deriv_client] ERROR WS/auth error: Accounts fetch failed: 429
18:53:58 [deriv_client] INFO Reconnecting in 6.75s...
18:54:05 [deriv_client] ERROR WS/auth error: Accounts fetch failed: 429
18:54:05 [deriv_client] INFO Reconnecting in 10.125s...

===== supervisor start 2026-06-18 18:56:46 =====
18:56:47 [bot:odd] INFO Bot odd starting...
18:56:47 [bot:odd] INFO Connecting to Deriv...
18:56:47 [deriv_client] WARNING Rate limited! Retrying after 41s...
18:57:17 [bot:odd] ERROR Connection timed out — retrying in 5s
18:57:22 [bot:odd] INFO Connecting to Deriv...
18:57:22 [deriv_client] WARNING Rate limited! Retrying after 6s...
18:57:28 [deriv_client] WARNING Rate limited! Retrying after 0s...
18:57:28 [deriv_client] WARNING Rate limited! Retrying after 0s...
18:57:30 [deriv_client] WARNING Rate limited! Retrying after 599s...
18:57:52 [bot:odd] ERROR Connection timed out — retrying in 5s
18:57:57 [bot:odd] INFO Connecting to Deriv...
18:57:58 [deriv_client] WARNING Rate limited! Retrying after 571s...
18:58:27 [bot:odd] ERROR Connection timed out — retrying in 5s
18:58:32 [bot:odd] INFO Connecting to Deriv...
18:58:33 [deriv_client] WARNING Rate limited! Retrying after 536s...
18:59:02 [bot:odd] ERROR Connection timed out — retrying in 5s
18:59:07 [bot:odd] INFO Connecting to Deriv...
18:59:08 [deriv_client] WARNING Rate limited! Retrying after 501s...
18:59:37 [bot:odd] ERROR Connection timed out — retrying in 5s
18:59:42 [bot:odd] INFO Connecting to Deriv...
18:59:42 [deriv_client] WARNING Rate limited! Retrying after 467s...
19:00:12 [bot:odd] ERROR Connection timed out — retrying in 5s
19:00:17 [bot:odd] INFO Connecting to Deriv...
19:00:17 [deriv_client] WARNING Rate limited! Retrying after 432s...
19:00:47 [bot:odd] ERROR Connection timed out — retrying in 5s
19:00:52 [bot:odd] INFO Connecting to Deriv...
19:00:52 [deriv_client] WARNING Rate limited! Retrying after 397s...
19:01:22 [bot:odd] ERROR Connection timed out — retrying in 5s
19:01:27 [bot:odd] INFO Connecting to Deriv...
19:01:27 [deriv_client] WARNING Rate limited! Retrying after 362s...
19:01:57 [bot:odd] ERROR Connection timed out — retrying in 5s
19:02:02 [bot:odd] INFO Connecting to Deriv...
19:02:03 [deriv_client] WARNING Rate limited! Retrying after 326s...
19:02:32 [bot:odd] ERROR Connection timed out — retrying in 5s
19:02:37 [bot:odd] INFO Connecting to Deriv...
19:02:37 [deriv_client] WARNING Rate limited! Retrying after 292s...
19:03:07 [bot:odd] ERROR Connection timed out — retrying in 5s
19:03:12 [bot:odd] INFO Connecting to Deriv...
19:03:12 [deriv_client] WARNING Rate limited! Retrying after 257s...
19:03:42 [bot:odd] ERROR Connection timed out — retrying in 5s
19:03:47 [bot:odd] INFO Connecting to Deriv...
19:03:47 [deriv_client] WARNING Rate limited! Retrying after 222s...
19:04:17 [bot:odd] ERROR Connection timed out — retrying in 5s
19:04:22 [bot:odd] INFO Connecting to Deriv...
19:04:22 [deriv_client] WARNING Rate limited! Retrying after 187s...
19:04:52 [bot:odd] ERROR Connection timed out — retrying in 5s
19:04:57 [bot:odd] INFO Connecting to Deriv...
19:04:57 [deriv_client] WARNING Rate limited! Retrying after 152s...
19:05:27 [bot:odd] ERROR Connection timed out — retrying in 5s
19:05:32 [bot:odd] INFO Connecting to Deriv...
19:05:33 [deriv_client] WARNING Rate limited! Retrying after 116s...
19:06:02 [bot:odd] ERROR Connection timed out — retrying in 5s
19:06:07 [bot:odd] INFO Connecting to Deriv...
19:06:07 [deriv_client] WARNING Rate limited! Retrying after 82s...
19:06:37 [bot:odd] ERROR Connection timed out — retrying in 5s
19:06:42 [bot:odd] INFO Connecting to Deriv...
19:06:42 [deriv_client] WARNING Rate limited! Retrying after 47s...
19:07:12 [bot:odd] ERROR Connection timed out — retrying in 5s
19:07:17 [bot:odd] INFO Connecting to Deriv...
19:07:17 [deriv_client] WARNING Rate limited! Retrying after 12s...
19:07:29 [deriv_client] WARNING Rate limited! Retrying after 0s...
19:07:30 [deriv_client] WARNING Rate limited! Retrying after 600s...
19:07:47 [bot:odd] ERROR Connection timed out — retrying in 5s
19:07:52 [bot:odd] INFO Connecting to Deriv...
19:07:52 [deriv_client] WARNING Rate limited! Retrying after 578s...
19:08:22 [bot:odd] ERROR Connection timed out — retrying in 5s
19:08:27 [bot:odd] INFO Connecting to Deriv...
19:08:27 [deriv_client] WARNING Rate limited! Retrying after 543s...
19:08:57 [bot:odd] ERROR Connection timed out — retrying in 5s
19:09:02 [bot:odd] INFO Connecting to Deriv...
19:09:02 [deriv_client] WARNING Rate limited! Retrying after 508s...
19:09:32 [bot:odd] ERROR Connection timed out — retrying in 5s
19:09:37 [bot:odd] INFO Connecting to Deriv...
19:09:37 [deriv_client] WARNING Rate limited! Retrying after 473s...
